mode: set
github.com/MrTeeett/atlas/cmd/atlas/main.go:29.13,30.51 1 0
github.com/MrTeeett/atlas/cmd/atlas/main.go:30.51,32.3 1 0
github.com/MrTeeett/atlas/cmd/atlas/main.go:34.2,49.46 10 0
github.com/MrTeeett/atlas/cmd/atlas/main.go:49.46,51.17 2 0
github.com/MrTeeett/atlas/cmd/atlas/main.go:51.17,54.4 2 0
github.com/MrTeeett/atlas/cmd/atlas/main.go:55.3,55.16 1 0
github.com/MrTeeett/atlas/cmd/atlas/main.go:58.2,59.16 2 0
github.com/MrTeeett/atlas/cmd/atlas/main.go:59.16,62.3 2 0
github.com/MrTeeett/atlas/cmd/atlas/main.go:63.2,63.22 1 0
github.com/MrTeeett/atlas/cmd/atlas/main.go:63.22,65.3 1 0
github.com/MrTeeett/atlas/cmd/atlas/main.go:68.2,68.84 1 0
github.com/MrTeeett/atlas/cmd/atlas/main.go:68.84,69.41 1 0
github.com/MrTeeett/atlas/cmd/atlas/main.go:69.41,72.4 2 0
github.com/MrTeeett/atlas/cmd/atlas/main.go:73.3,73.9 1 0
github.com/MrTeeett/atlas/cmd/atlas/main.go:76.2,82.16 6 0
github.com/MrTeeett/atlas/cmd/atlas/main.go:82.16,85.3 2 0
github.com/MrTeeett/atlas/cmd/atlas/main.go:86.2,86.15 1 0
github.com/MrTeeett/atlas/cmd/atlas/main.go:86.15,86.34 1 0
github.com/MrTeeett/atlas/cmd/atlas/main.go:88.2,89.16 2 0
github.com/MrTeeett/atlas/cmd/atlas/main.go:89.16,92.3 2 0
github.com/MrTeeett/atlas/cmd/atlas/main.go:93.2,96.16 3 0
github.com/MrTeeett/atlas/cmd/atlas/main.go:96.16,99.3 2 0
github.com/MrTeeett/atlas/cmd/atlas/main.go:100.2,100.26 1 0
github.com/MrTeeett/atlas/cmd/atlas/main.go:100.26,102.3 1 0
github.com/MrTeeett/atlas/cmd/atlas/main.go:104.2,125.16 3 0
github.com/MrTeeett/atlas/cmd/atlas/main.go:125.16,128.3 2 0
github.com/MrTeeett/atlas/cmd/atlas/main.go:130.2,136.12 2 0
github.com/MrTeeett/atlas/cmd/atlas/main.go:136.12,138.40 2 0
github.com/MrTeeett/atlas/cmd/atlas/main.go:138.40,140.4 1 0
github.com/MrTeeett/atlas/cmd/atlas/main.go:142.3,143.17 2 0
github.com/MrTeeett/atlas/cmd/atlas/main.go:143.17,146.4 2 0
github.com/MrTeeett/atlas/cmd/atlas/main.go:147.3,150.17 4 0
github.com/MrTeeett/atlas/cmd/atlas/main.go:150.17,152.4 1 0
github.com/MrTeeett/atlas/cmd/atlas/main.go:152.9,154.4 1 0
github.com/MrTeeett/atlas/cmd/atlas/main.go:155.3,155.48 1 0
github.com/MrTeeett/atlas/cmd/atlas/main.go:155.48,158.4 2 0
github.com/MrTeeett/atlas/cmd/atlas/main.go:161.2,167.30 6 0
github.com/MrTeeett/atlas/cmd/atlas/main.go:170.46,171.34 1 1
github.com/MrTeeett/atlas/cmd/atlas/main.go:171.34,173.3 1 1
github.com/MrTeeett/atlas/cmd/atlas/main.go:174.2,174.17 1 1
github.com/MrTeeett/atlas/cmd/atlas/main.go:177.62,179.13 2 0
github.com/MrTeeett/atlas/cmd/atlas/main.go:179.13,181.3 1 0
github.com/MrTeeett/atlas/cmd/atlas/main.go:182.2,182.23 1 0
github.com/MrTeeett/atlas/cmd/atlas/main.go:182.23,184.3 1 0
github.com/MrTeeett/atlas/cmd/atlas/main.go:185.2,185.67 1 0
github.com/MrTeeett/atlas/cmd/atlas/main.go:188.28,194.16 6 0
github.com/MrTeeett/atlas/cmd/atlas/main.go:194.16,196.3 1 0
github.com/MrTeeett/atlas/cmd/atlas/main.go:197.2,202.20 6 0
github.com/MrTeeett/atlas/cmd/atlas/tty_linux.go:10.34,14.2 3 0
github.com/MrTeeett/atlas/internal/config/config.go:64.50,66.16 2 1
github.com/MrTeeett/atlas/internal/config/config.go:66.16,68.3 1 0
github.com/MrTeeett/atlas/internal/config/config.go:69.2,70.16 2 1
github.com/MrTeeett/atlas/internal/config/config.go:70.16,72.3 1 0
github.com/MrTeeett/atlas/internal/config/config.go:73.2,86.12 3 1
github.com/MrTeeett/atlas/internal/config/config.go:89.40,92.16 3 1
github.com/MrTeeett/atlas/internal/config/config.go:92.16,93.37 1 1
github.com/MrTeeett/atlas/internal/config/config.go:93.37,95.60 2 1
github.com/MrTeeett/atlas/internal/config/config.go:95.60,97.5 1 0
github.com/MrTeeett/atlas/internal/config/config.go:98.4,98.19 1 1
github.com/MrTeeett/atlas/internal/config/config.go:100.3,100.23 1 0
github.com/MrTeeett/atlas/internal/config/config.go:103.2,107.48 4 1
github.com/MrTeeett/atlas/internal/config/config.go:107.48,109.3 1 0
github.com/MrTeeett/atlas/internal/config/config.go:113.2,118.18 5 1
github.com/MrTeeett/atlas/internal/config/config.go:118.18,119.24 1 1
github.com/MrTeeett/atlas/internal/config/config.go:119.24,120.46 1 1
github.com/MrTeeett/atlas/internal/config/config.go:120.46,123.5 2 1
github.com/MrTeeett/atlas/internal/config/config.go:125.3,125.95 1 1
github.com/MrTeeett/atlas/internal/config/config.go:125.95,126.59 1 1
github.com/MrTeeett/atlas/internal/config/config.go:126.59,129.5 2 1
github.com/MrTeeett/atlas/internal/config/config.go:133.2,134.22 2 1
github.com/MrTeeett/atlas/internal/config/config.go:134.22,136.3 1 0
github.com/MrTeeett/atlas/internal/config/config.go:137.2,137.20 1 1
github.com/MrTeeett/atlas/internal/config/config.go:137.20,139.3 1 0
github.com/MrTeeett/atlas/internal/config/config.go:141.2,141.13 1 1
github.com/MrTeeett/atlas/internal/config/config.go:141.13,142.59 1 1
github.com/MrTeeett/atlas/internal/config/config.go:142.59,144.4 1 0
github.com/MrTeeett/atlas/internal/config/config.go:146.2,146.17 1 1
github.com/MrTeeett/atlas/internal/config/config.go:149.51,150.20 1 1
github.com/MrTeeett/atlas/internal/config/config.go:150.20,152.3 1 0
github.com/MrTeeett/atlas/internal/config/config.go:153.2,153.18 1 1
github.com/MrTeeett/atlas/internal/config/config.go:153.18,155.3 1 0
github.com/MrTeeett/atlas/internal/config/config.go:156.2,156.41 1 1
github.com/MrTeeett/atlas/internal/config/config.go:156.41,158.3 1 0
github.com/MrTeeett/atlas/internal/config/config.go:159.2,162.25 4 1
github.com/MrTeeett/atlas/internal/config/config.go:162.25,164.3 1 0
github.com/MrTeeett/atlas/internal/config/config.go:165.2,165.24 1 1
github.com/MrTeeett/atlas/internal/config/config.go:165.24,167.3 1 0
github.com/MrTeeett/atlas/internal/config/config.go:168.2,168.27 1 1
github.com/MrTeeett/atlas/internal/config/config.go:168.27,170.3 1 1
github.com/MrTeeett/atlas/internal/config/config.go:171.2,171.24 1 1
github.com/MrTeeett/atlas/internal/config/config.go:171.24,173.3 1 1
github.com/MrTeeett/atlas/internal/config/config.go:174.2,174.22 1 1
github.com/MrTeeett/atlas/internal/config/config.go:174.22,176.3 1 1
github.com/MrTeeett/atlas/internal/config/config.go:177.2,177.25 1 1
github.com/MrTeeett/atlas/internal/config/config.go:177.25,179.3 1 1
github.com/MrTeeett/atlas/internal/config/config.go:180.2,180.41 1 1
github.com/MrTeeett/atlas/internal/config/config.go:180.41,182.3 1 1
github.com/MrTeeett/atlas/internal/config/config.go:183.2,183.40 1 1
github.com/MrTeeett/atlas/internal/config/config.go:183.40,185.3 1 1
github.com/MrTeeett/atlas/internal/config/config.go:186.2,186.43 1 1
github.com/MrTeeett/atlas/internal/config/config.go:186.43,188.3 1 1
github.com/MrTeeett/atlas/internal/config/config.go:189.2,189.46 1 1
github.com/MrTeeett/atlas/internal/config/config.go:189.46,191.3 1 1
github.com/MrTeeett/atlas/internal/config/config.go:192.2,192.37 1 1
github.com/MrTeeett/atlas/internal/config/config.go:195.55,198.16 3 0
github.com/MrTeeett/atlas/internal/config/config.go:198.16,200.17 2 0
github.com/MrTeeett/atlas/internal/config/config.go:200.17,202.4 1 0
github.com/MrTeeett/atlas/internal/config/config.go:203.3,203.21 1 0
github.com/MrTeeett/atlas/internal/config/config.go:203.21,205.4 1 0
github.com/MrTeeett/atlas/internal/config/config.go:206.3,206.18 1 0
github.com/MrTeeett/atlas/internal/config/config.go:208.2,208.37 1 0
github.com/MrTeeett/atlas/internal/config/config.go:208.37,210.3 1 0
github.com/MrTeeett/atlas/internal/config/config.go:212.2,213.42 2 0
github.com/MrTeeett/atlas/internal/config/config.go:213.42,215.3 1 0
github.com/MrTeeett/atlas/internal/config/config.go:216.2,216.63 1 0
github.com/MrTeeett/atlas/internal/config/config.go:216.63,218.3 1 0
github.com/MrTeeett/atlas/internal/config/config.go:219.2,220.68 2 0
github.com/MrTeeett/atlas/internal/config/config.go:220.68,222.3 1 0
github.com/MrTeeett/atlas/internal/config/config.go:223.2,223.17 1 0
github.com/MrTeeett/atlas/internal/config/config.go:226.42,228.13 2 0
github.com/MrTeeett/atlas/internal/config/config.go:228.13,230.3 1 0
github.com/MrTeeett/atlas/internal/config/config.go:231.2,231.46 1 0
github.com/MrTeeett/atlas/internal/config/config.go:234.41,236.23 2 1
github.com/MrTeeett/atlas/internal/config/config.go:236.23,238.14 2 1
github.com/MrTeeett/atlas/internal/config/config.go:238.14,239.12 1 0
github.com/MrTeeett/atlas/internal/config/config.go:241.3,241.23 1 1
github.com/MrTeeett/atlas/internal/config/config.go:243.2,243.12 1 1
github.com/MrTeeett/atlas/internal/config/config.go:246.71,248.16 2 1
github.com/MrTeeett/atlas/internal/config/config.go:248.16,250.3 1 0
github.com/MrTeeett/atlas/internal/config/config.go:252.2,252.63 1 1
github.com/MrTeeett/atlas/internal/config/config.go:252.63,254.3 1 0
github.com/MrTeeett/atlas/internal/config/config.go:256.2,257.65 2 1
github.com/MrTeeett/atlas/internal/config/config.go:257.65,259.3 1 0
github.com/MrTeeett/atlas/internal/config/config.go:260.2,260.29 1 1
github.com/MrTeeett/atlas/internal/config/config.go:263.44,265.40 2 1
github.com/MrTeeett/atlas/internal/config/config.go:265.40,267.3 1 0
github.com/MrTeeett/atlas/internal/config/config.go:268.2,268.35 1 1
github.com/MrTeeett/atlas/internal/config/config.go:271.44,272.39 1 1
github.com/MrTeeett/atlas/internal/config/config.go:272.39,274.3 1 0
github.com/MrTeeett/atlas/internal/config/config.go:275.2,277.16 3 1
github.com/MrTeeett/atlas/internal/config/config.go:277.16,279.3 1 0
github.com/MrTeeett/atlas/internal/config/config.go:280.2,280.34 1 1
github.com/MrTeeett/atlas/internal/config/config.go:283.41,285.25 2 1
github.com/MrTeeett/atlas/internal/config/config.go:285.25,287.3 1 0
github.com/MrTeeett/atlas/internal/config/config.go:288.2,288.32 1 1
github.com/MrTeeett/atlas/internal/config/config.go:288.32,290.3 1 1
github.com/MrTeeett/atlas/internal/config/config.go:291.2,292.13 2 1
github.com/MrTeeett/atlas/internal/config/config.go:292.13,294.3 1 0
github.com/MrTeeett/atlas/internal/config/config.go:295.2,295.10 1 1
github.com/MrTeeett/atlas/internal/auth/auth.go:54.64,56.2 1 0
github.com/MrTeeett/atlas/internal/auth/auth.go:58.60,62.2 3 0
github.com/MrTeeett/atlas/internal/auth/auth.go:72.28,76.2 3 1
github.com/MrTeeett/atlas/internal/auth/auth.go:78.54,81.2 2 0
github.com/MrTeeett/atlas/internal/auth/auth.go:83.50,85.16 2 0
github.com/MrTeeett/atlas/internal/auth/auth.go:85.16,87.3 1 0
github.com/MrTeeett/atlas/internal/auth/auth.go:88.2,88.18 1 0
github.com/MrTeeett/atlas/internal/auth/auth.go:91.58,93.16 2 0
github.com/MrTeeett/atlas/internal/auth/auth.go:93.16,95.3 1 0
github.com/MrTeeett/atlas/internal/auth/auth.go:96.2,96.35 1 0
github.com/MrTeeett/atlas/internal/auth/auth.go:96.35,98.3 1 0
github.com/MrTeeett/atlas/internal/auth/auth.go:99.2,99.23 1 0
github.com/MrTeeett/atlas/internal/auth/auth.go:102.56,103.24 1 0
github.com/MrTeeett/atlas/internal/auth/auth.go:103.24,105.3 1 0
github.com/MrTeeett/atlas/internal/auth/auth.go:106.2,107.16 2 0
github.com/MrTeeett/atlas/internal/auth/auth.go:107.16,109.3 1 0
github.com/MrTeeett/atlas/internal/auth/auth.go:110.2,111.16 2 0
github.com/MrTeeett/atlas/internal/auth/auth.go:111.16,113.3 1 0
github.com/MrTeeett/atlas/internal/auth/auth.go:114.2,114.9 1 0
github.com/MrTeeett/atlas/internal/auth/auth.go:114.9,116.3 1 0
github.com/MrTeeett/atlas/internal/auth/auth.go:117.2,117.36 1 0
github.com/MrTeeett/atlas/internal/auth/auth.go:120.65,122.49 2 0
github.com/MrTeeett/atlas/internal/auth/auth.go:122.49,125.3 2 0
github.com/MrTeeett/atlas/internal/auth/auth.go:126.2,131.24 2 0
github.com/MrTeeett/atlas/internal/auth/auth.go:131.24,132.56 1 0
github.com/MrTeeett/atlas/internal/auth/auth.go:132.56,138.4 5 0
github.com/MrTeeett/atlas/internal/auth/auth.go:140.2,140.37 1 0
github.com/MrTeeett/atlas/internal/auth/auth.go:143.68,147.18 3 1
github.com/MrTeeett/atlas/internal/auth/auth.go:148.22,150.9 2 0
github.com/MrTeeett/atlas/internal/auth/auth.go:151.23,151.23 0 1
github.com/MrTeeett/atlas/internal/auth/auth.go:152.10,154.9 2 0
github.com/MrTeeett/atlas/internal/auth/auth.go:157.2,157.38 1 1
github.com/MrTeeett/atlas/internal/auth/auth.go:157.38,159.19 2 0
github.com/MrTeeett/atlas/internal/auth/auth.go:159.19,161.4 1 0
github.com/MrTeeett/atlas/internal/auth/auth.go:162.3,163.9 2 0
github.com/MrTeeett/atlas/internal/auth/auth.go:165.2,167.24 3 1
github.com/MrTeeett/atlas/internal/auth/auth.go:167.24,170.3 2 0
github.com/MrTeeett/atlas/internal/auth/auth.go:171.2,172.16 2 1
github.com/MrTeeett/atlas/internal/auth/auth.go:172.16,175.3 2 0
github.com/MrTeeett/atlas/internal/auth/auth.go:176.2,176.9 1 1
github.com/MrTeeett/atlas/internal/auth/auth.go:176.9,178.19 2 1
github.com/MrTeeett/atlas/internal/auth/auth.go:178.19,180.4 1 0
github.com/MrTeeett/atlas/internal/auth/auth.go:181.3,182.9 2 1
github.com/MrTeeett/atlas/internal/auth/auth.go:185.2,186.16 2 1
github.com/MrTeeett/atlas/internal/auth/auth.go:186.16,189.3 2 0
github.com/MrTeeett/atlas/internal/auth/auth.go:191.2,197.16 3 1
github.com/MrTeeett/atlas/internal/auth/auth.go:197.16,200.3 2 0
github.com/MrTeeett/atlas/internal/auth/auth.go:202.2,211.52 2 1
github.com/MrTeeett/atlas/internal/auth/auth.go:232.40,234.28 2 1
github.com/MrTeeett/atlas/internal/auth/auth.go:234.28,236.3 1 0
github.com/MrTeeett/atlas/internal/auth/auth.go:237.2,238.95 2 1
github.com/MrTeeett/atlas/internal/auth/auth.go:238.95,240.3 1 0
github.com/MrTeeett/atlas/internal/auth/auth.go:241.2,241.13 1 1
github.com/MrTeeett/atlas/internal/auth/auth.go:244.43,245.18 1 1
github.com/MrTeeett/atlas/internal/auth/auth.go:245.18,254.3 1 0
github.com/MrTeeett/atlas/internal/auth/auth.go:255.2,262.3 1 1
github.com/MrTeeett/atlas/internal/auth/auth.go:265.86,271.2 5 1
github.com/MrTeeett/atlas/internal/auth/auth.go:273.69,285.2 2 1
github.com/MrTeeett/atlas/internal/auth/auth.go:287.62,289.16 2 0
github.com/MrTeeett/atlas/internal/auth/auth.go:289.16,291.3 1 0
github.com/MrTeeett/atlas/internal/auth/auth.go:292.2,292.26 1 0
github.com/MrTeeett/atlas/internal/auth/auth.go:295.51,297.16 2 1
github.com/MrTeeett/atlas/internal/auth/auth.go:297.16,299.3 1 0
github.com/MrTeeett/atlas/internal/auth/auth.go:300.2,302.33 3 1
github.com/MrTeeett/atlas/internal/auth/auth.go:305.54,307.21 2 1
github.com/MrTeeett/atlas/internal/auth/auth.go:307.21,309.3 1 0
github.com/MrTeeett/atlas/internal/auth/auth.go:310.2,311.63 2 1
github.com/MrTeeett/atlas/internal/auth/auth.go:311.63,313.3 1 1
github.com/MrTeeett/atlas/internal/auth/auth.go:314.2,315.16 2 1
github.com/MrTeeett/atlas/internal/auth/auth.go:315.16,317.3 1 0
github.com/MrTeeett/atlas/internal/auth/auth.go:318.2,319.51 2 1
github.com/MrTeeett/atlas/internal/auth/auth.go:319.51,321.3 1 0
github.com/MrTeeett/atlas/internal/auth/auth.go:322.2,322.18 1 1
github.com/MrTeeett/atlas/internal/auth/auth.go:325.41,329.2 3 1
github.com/MrTeeett/atlas/internal/auth/auth.go:331.44,333.40 2 1
github.com/MrTeeett/atlas/internal/auth/auth.go:333.40,335.3 1 0
github.com/MrTeeett/atlas/internal/auth/auth.go:336.2,336.35 1 1
github.com/MrTeeett/atlas/internal/auth/auth.go:339.38,340.13 1 1
github.com/MrTeeett/atlas/internal/auth/auth.go:340.13,342.3 1 0
github.com/MrTeeett/atlas/internal/auth/auth.go:343.2,343.32 1 1
github.com/MrTeeett/atlas/internal/auth/auth.go:343.32,345.3 1 0
github.com/MrTeeett/atlas/internal/auth/auth.go:346.2,346.23 1 1
github.com/MrTeeett/atlas/internal/auth/auth.go:346.23,348.3 1 0
github.com/MrTeeett/atlas/internal/auth/auth.go:349.2,349.14 1 1
github.com/MrTeeett/atlas/internal/auth/auth.go:349.14,351.3 1 1
github.com/MrTeeett/atlas/internal/auth/auth.go:352.2,352.23 1 1
github.com/MrTeeett/atlas/internal/auth/auth.go:355.41,357.25 2 1
github.com/MrTeeett/atlas/internal/auth/auth.go:357.25,359.3 1 0
github.com/MrTeeett/atlas/internal/auth/auth.go:360.2,360.32 1 1
github.com/MrTeeett/atlas/internal/auth/auth.go:360.32,362.3 1 0
github.com/MrTeeett/atlas/internal/auth/auth.go:363.2,364.13 2 1
github.com/MrTeeett/atlas/internal/auth/auth.go:364.13,366.3 1 0
github.com/MrTeeett/atlas/internal/auth/auth.go:367.2,367.10 1 1
github.com/MrTeeett/atlas/internal/fs/as.go:28.72,30.14 2 1
github.com/MrTeeett/atlas/internal/fs/as.go:30.14,32.3 1 1
github.com/MrTeeett/atlas/internal/fs/as.go:33.2,33.30 1 1
github.com/MrTeeett/atlas/internal/fs/as.go:33.30,35.3 1 1
github.com/MrTeeett/atlas/internal/fs/as.go:38.2,38.54 1 1
github.com/MrTeeett/atlas/internal/fs/as.go:38.54,39.16 1 1
github.com/MrTeeett/atlas/internal/fs/as.go:39.16,41.4 1 0
github.com/MrTeeett/atlas/internal/fs/as.go:42.3,42.15 1 1
github.com/MrTeeett/atlas/internal/fs/as.go:42.15,44.32 2 0
github.com/MrTeeett/atlas/internal/fs/as.go:44.32,46.16 2 0
github.com/MrTeeett/atlas/internal/fs/as.go:46.16,48.6 1 0
github.com/MrTeeett/atlas/internal/fs/as.go:50.4,50.20 1 0
github.com/MrTeeett/atlas/internal/fs/as.go:50.20,52.5 1 0
github.com/MrTeeett/atlas/internal/fs/as.go:56.2,56.20 1 1
github.com/MrTeeett/atlas/internal/fs/as.go:56.20,58.3 1 1
github.com/MrTeeett/atlas/internal/fs/as.go:59.2,59.44 1 0
github.com/MrTeeett/atlas/internal/fs/as.go:59.44,61.3 1 0
github.com/MrTeeett/atlas/internal/fs/as.go:62.2,62.15 1 0
github.com/MrTeeett/atlas/internal/fs/as.go:62.15,64.3 1 0
github.com/MrTeeett/atlas/internal/fs/as.go:65.2,65.21 1 0
github.com/MrTeeett/atlas/internal/fs/as.go:65.21,67.3 1 0
github.com/MrTeeett/atlas/internal/fs/as.go:68.2,68.49 1 0
github.com/MrTeeett/atlas/internal/fs/as.go:71.66,72.16 1 1
github.com/MrTeeett/atlas/internal/fs/as.go:72.16,74.3 1 0
github.com/MrTeeett/atlas/internal/fs/as.go:75.2,75.56 1 1
github.com/MrTeeett/atlas/internal/fs/as.go:75.56,78.3 2 0
github.com/MrTeeett/atlas/internal/fs/as.go:79.2,80.145 2 1
github.com/MrTeeett/atlas/internal/fs/as.go:80.145,83.3 2 0
github.com/MrTeeett/atlas/internal/fs/as.go:84.2,84.23 1 1
github.com/MrTeeett/atlas/internal/fs/as.go:84.23,87.3 2 1
github.com/MrTeeett/atlas/internal/fs/as.go:88.2,88.36 1 1
github.com/MrTeeett/atlas/internal/fs/as.go:88.36,91.3 2 1
github.com/MrTeeett/atlas/internal/fs/as.go:92.2,92.60 1 1
github.com/MrTeeett/atlas/internal/fs/as.go:95.35,96.16 1 1
github.com/MrTeeett/atlas/internal/fs/as.go:96.16,98.3 1 0
github.com/MrTeeett/atlas/internal/fs/as.go:99.2,99.26 1 1
github.com/MrTeeett/atlas/internal/fs/as.go:99.26,101.3 1 1
github.com/MrTeeett/atlas/internal/fs/as.go:102.2,103.103 2 1
github.com/MrTeeett/atlas/internal/fs/as.go:106.99,107.18 1 1
github.com/MrTeeett/atlas/internal/fs/as.go:107.18,109.17 2 1
github.com/MrTeeett/atlas/internal/fs/as.go:109.17,111.4 1 0
github.com/MrTeeett/atlas/internal/fs/as.go:112.3,113.17 2 1
github.com/MrTeeett/atlas/internal/fs/as.go:113.17,115.4 1 0
github.com/MrTeeett/atlas/internal/fs/as.go:116.3,116.70 1 1
github.com/MrTeeett/atlas/internal/fs/as.go:119.2,120.89 2 0
github.com/MrTeeett/atlas/internal/fs/as.go:120.89,122.3 1 0
github.com/MrTeeett/atlas/internal/fs/as.go:123.2,124.62 2 0
github.com/MrTeeett/atlas/internal/fs/as.go:124.62,126.3 1 0
github.com/MrTeeett/atlas/internal/fs/as.go:127.2,128.18 2 0
github.com/MrTeeett/atlas/internal/fs/as.go:131.106,132.18 1 1
github.com/MrTeeett/atlas/internal/fs/as.go:132.18,134.17 2 1
github.com/MrTeeett/atlas/internal/fs/as.go:134.17,136.4 1 0
github.com/MrTeeett/atlas/internal/fs/as.go:137.3,138.17 2 1
github.com/MrTeeett/atlas/internal/fs/as.go:138.17,140.4 1 0
github.com/MrTeeett/atlas/internal/fs/as.go:141.3,144.17 3 1
github.com/MrTeeett/atlas/internal/fs/as.go:144.17,146.4 1 0
github.com/MrTeeett/atlas/internal/fs/as.go:147.3,147.30 1 1
github.com/MrTeeett/atlas/internal/fs/as.go:147.30,149.4 1 1
github.com/MrTeeett/atlas/internal/fs/as.go:150.3,150.18 1 1
github.com/MrTeeett/atlas/internal/fs/as.go:153.2,154.130 2 0
github.com/MrTeeett/atlas/internal/fs/as.go:154.130,156.3 1 0
github.com/MrTeeett/atlas/internal/fs/as.go:157.2,157.28 1 0
github.com/MrTeeett/atlas/internal/fs/as.go:160.95,161.18 1 0
github.com/MrTeeett/atlas/internal/fs/as.go:161.18,163.17 2 0
github.com/MrTeeett/atlas/internal/fs/as.go:163.17,165.4 1 0
github.com/MrTeeett/atlas/internal/fs/as.go:166.3,167.17 2 0
github.com/MrTeeett/atlas/internal/fs/as.go:167.17,169.4 1 0
github.com/MrTeeett/atlas/internal/fs/as.go:170.3,170.114 1 0
github.com/MrTeeett/atlas/internal/fs/as.go:173.2,174.89 2 0
github.com/MrTeeett/atlas/internal/fs/as.go:174.89,176.3 1 0
github.com/MrTeeett/atlas/internal/fs/as.go:177.2,178.62 2 0
github.com/MrTeeett/atlas/internal/fs/as.go:178.62,180.3 1 0
github.com/MrTeeett/atlas/internal/fs/as.go:181.2,182.18 2 0
github.com/MrTeeett/atlas/internal/fs/as.go:190.54,190.77 1 0
github.com/MrTeeett/atlas/internal/fs/as.go:192.40,195.2 2 0
github.com/MrTeeett/atlas/internal/fs/as.go:197.122,198.18 1 0
github.com/MrTeeett/atlas/internal/fs/as.go:198.18,200.17 2 0
github.com/MrTeeett/atlas/internal/fs/as.go:200.17,202.4 1 0
github.com/MrTeeett/atlas/internal/fs/as.go:203.3,204.17 2 0
github.com/MrTeeett/atlas/internal/fs/as.go:204.17,206.4 1 0
github.com/MrTeeett/atlas/internal/fs/as.go:207.3,208.17 2 0
github.com/MrTeeett/atlas/internal/fs/as.go:208.17,211.4 2 0
github.com/MrTeeett/atlas/internal/fs/as.go:212.3,212.17 1 0
github.com/MrTeeett/atlas/internal/fs/as.go:212.17,215.4 2 0
github.com/MrTeeett/atlas/internal/fs/as.go:216.3,216.30 1 0
github.com/MrTeeett/atlas/internal/fs/as.go:219.2,220.16 2 0
github.com/MrTeeett/atlas/internal/fs/as.go:220.16,222.3 1 0
github.com/MrTeeett/atlas/internal/fs/as.go:224.2,226.16 3 0
github.com/MrTeeett/atlas/internal/fs/as.go:226.16,228.3 1 0
github.com/MrTeeett/atlas/internal/fs/as.go:229.2,231.36 3 0
github.com/MrTeeett/atlas/internal/fs/as.go:231.36,233.3 1 0
github.com/MrTeeett/atlas/internal/fs/as.go:234.2,234.79 1 0
github.com/MrTeeett/atlas/internal/fs/as.go:237.117,238.18 1 1
github.com/MrTeeett/atlas/internal/fs/as.go:238.18,240.3 1 1
github.com/MrTeeett/atlas/internal/fs/as.go:242.2,243.43 2 0
github.com/MrTeeett/atlas/internal/fs/as.go:243.43,245.3 1 0
github.com/MrTeeett/atlas/internal/fs/as.go:246.2,247.16 2 0
github.com/MrTeeett/atlas/internal/fs/as.go:247.16,249.3 1 0
github.com/MrTeeett/atlas/internal/fs/as.go:250.2,256.34 6 0
github.com/MrTeeett/atlas/internal/fs/as.go:256.34,257.23 1 0
github.com/MrTeeett/atlas/internal/fs/as.go:257.23,259.4 1 0
github.com/MrTeeett/atlas/internal/fs/as.go:260.3,260.13 1 0
github.com/MrTeeett/atlas/internal/fs/as.go:262.2,262.12 1 0
github.com/MrTeeett/atlas/internal/fs/as.go:265.96,266.18 1 0
github.com/MrTeeett/atlas/internal/fs/as.go:266.18,268.17 2 0
github.com/MrTeeett/atlas/internal/fs/as.go:268.17,270.4 1 0
github.com/MrTeeett/atlas/internal/fs/as.go:271.3,273.17 3 0
github.com/MrTeeett/atlas/internal/fs/as.go:273.17,275.4 1 0
github.com/MrTeeett/atlas/internal/fs/as.go:276.3,276.30 1 0
github.com/MrTeeett/atlas/internal/fs/as.go:278.2,278.85 1 0
github.com/MrTeeett/atlas/internal/fs/as.go:281.96,282.18 1 0
github.com/MrTeeett/atlas/internal/fs/as.go:282.18,284.17 2 0
github.com/MrTeeett/atlas/internal/fs/as.go:284.17,286.4 1 0
github.com/MrTeeett/atlas/internal/fs/as.go:287.3,289.17 3 0
github.com/MrTeeett/atlas/internal/fs/as.go:289.17,291.4 1 0
github.com/MrTeeett/atlas/internal/fs/as.go:292.3,293.17 2 0
github.com/MrTeeett/atlas/internal/fs/as.go:293.17,295.4 1 0
github.com/MrTeeett/atlas/internal/fs/as.go:296.3,296.19 1 0
github.com/MrTeeett/atlas/internal/fs/as.go:298.2,298.85 1 0
github.com/MrTeeett/atlas/internal/fs/as.go:301.100,302.18 1 1
github.com/MrTeeett/atlas/internal/fs/as.go:302.18,304.17 2 1
github.com/MrTeeett/atlas/internal/fs/as.go:304.17,306.4 1 0
github.com/MrTeeett/atlas/internal/fs/as.go:307.3,307.35 1 1
github.com/MrTeeett/atlas/internal/fs/as.go:307.35,309.4 1 0
github.com/MrTeeett/atlas/internal/fs/as.go:310.3,312.17 3 1
github.com/MrTeeett/atlas/internal/fs/as.go:312.17,314.4 1 0
github.com/MrTeeett/atlas/internal/fs/as.go:315.3,315.36 1 1
github.com/MrTeeett/atlas/internal/fs/as.go:317.2,317.87 1 0
github.com/MrTeeett/atlas/internal/fs/as.go:320.101,321.18 1 1
github.com/MrTeeett/atlas/internal/fs/as.go:321.18,323.17 2 1
github.com/MrTeeett/atlas/internal/fs/as.go:323.17,325.4 1 0
github.com/MrTeeett/atlas/internal/fs/as.go:326.3,326.31 1 1
github.com/MrTeeett/atlas/internal/fs/as.go:326.31,328.4 1 0
github.com/MrTeeett/atlas/internal/fs/as.go:329.3,329.16 1 1
github.com/MrTeeett/atlas/internal/fs/as.go:329.16,331.4 1 1
github.com/MrTeeett/atlas/internal/fs/as.go:332.3,332.24 1 0
github.com/MrTeeett/atlas/internal/fs/as.go:334.2,335.15 2 0
github.com/MrTeeett/atlas/internal/fs/as.go:335.15,337.3 1 0
github.com/MrTeeett/atlas/internal/fs/as.go:338.2,338.58 1 0
github.com/MrTeeett/atlas/internal/fs/as.go:341.104,342.18 1 1
github.com/MrTeeett/atlas/internal/fs/as.go:342.18,344.17 2 1
github.com/MrTeeett/atlas/internal/fs/as.go:344.17,346.4 1 0
github.com/MrTeeett/atlas/internal/fs/as.go:347.3,347.31 1 1
github.com/MrTeeett/atlas/internal/fs/as.go:347.31,349.4 1 0
github.com/MrTeeett/atlas/internal/fs/as.go:350.3,350.56 1 1
github.com/MrTeeett/atlas/internal/fs/as.go:350.56,352.4 1 0
github.com/MrTeeett/atlas/internal/fs/as.go:353.3,354.17 2 1
github.com/MrTeeett/atlas/internal/fs/as.go:354.17,356.4 1 0
github.com/MrTeeett/atlas/internal/fs/as.go:357.3,359.13 3 1
github.com/MrTeeett/atlas/internal/fs/as.go:361.2,361.95 1 0
github.com/MrTeeett/atlas/internal/fs/as.go:364.96,368.2 3 0
github.com/MrTeeett/atlas/internal/fs/as.go:370.129,372.19 2 0
github.com/MrTeeett/atlas/internal/fs/as.go:372.19,374.3 1 0
github.com/MrTeeett/atlas/internal/fs/as.go:375.2,375.18 1 0
github.com/MrTeeett/atlas/internal/fs/as.go:375.18,377.3 1 0
github.com/MrTeeett/atlas/internal/fs/as.go:378.2,380.34 3 0
github.com/MrTeeett/atlas/internal/fs/as.go:380.34,381.23 1 0
github.com/MrTeeett/atlas/internal/fs/as.go:381.23,383.4 1 0
github.com/MrTeeett/atlas/internal/fs/as.go:384.3,384.13 1 0
github.com/MrTeeett/atlas/internal/fs/as.go:386.2,386.12 1 0
github.com/MrTeeett/atlas/internal/fs/as.go:389.43,391.13 2 1
github.com/MrTeeett/atlas/internal/fs/as.go:391.13,393.3 1 0
github.com/MrTeeett/atlas/internal/fs/as.go:394.2,394.32 1 1
github.com/MrTeeett/atlas/internal/fs/as.go:394.32,396.3 1 1
github.com/MrTeeett/atlas/internal/fs/as.go:397.2,398.32 2 1
github.com/MrTeeett/atlas/internal/fs/as.go:398.32,400.3 1 1
github.com/MrTeeett/atlas/internal/fs/as.go:401.2,401.45 1 1
github.com/MrTeeett/atlas/internal/fs/as.go:401.45,403.3 1 1
github.com/MrTeeett/atlas/internal/fs/as.go:404.2,404.10 1 1
github.com/MrTeeett/atlas/internal/fs/as.go:407.30,410.16 3 1
github.com/MrTeeett/atlas/internal/fs/as.go:410.16,412.3 1 0
github.com/MrTeeett/atlas/internal/fs/as.go:413.2,413.54 1 1
github.com/MrTeeett/atlas/internal/fs/as.go:413.54,414.49 1 1
github.com/MrTeeett/atlas/internal/fs/as.go:414.49,415.12 1 0
github.com/MrTeeett/atlas/internal/fs/as.go:417.3,418.21 2 1
github.com/MrTeeett/atlas/internal/fs/as.go:418.21,419.12 1 0
github.com/MrTeeett/atlas/internal/fs/as.go:421.3,421.36 1 1
github.com/MrTeeett/atlas/internal/fs/as.go:421.36,423.4 1 1
github.com/MrTeeett/atlas/internal/fs/as.go:425.2,425.15 1 0
github.com/MrTeeett/atlas/internal/fs/fs.go:67.31,69.16 2 1
github.com/MrTeeett/atlas/internal/fs/fs.go:69.16,71.3 1 0
github.com/MrTeeett/atlas/internal/fs/fs.go:72.2,73.34 2 1
github.com/MrTeeett/atlas/internal/fs/fs.go:73.34,75.14 2 1
github.com/MrTeeett/atlas/internal/fs/fs.go:75.14,77.4 1 1
github.com/MrTeeett/atlas/internal/fs/fs.go:79.2,80.22 2 1
github.com/MrTeeett/atlas/internal/fs/fs.go:80.22,81.46 1 1
github.com/MrTeeett/atlas/internal/fs/fs.go:81.46,83.4 1 1
github.com/MrTeeett/atlas/internal/fs/fs.go:85.2,94.3 2 1
github.com/MrTeeett/atlas/internal/fs/fs.go:97.70,98.32 1 1
github.com/MrTeeett/atlas/internal/fs/fs.go:98.32,101.3 2 0
github.com/MrTeeett/atlas/internal/fs/fs.go:102.2,104.16 3 1
github.com/MrTeeett/atlas/internal/fs/fs.go:104.16,107.3 2 1
github.com/MrTeeett/atlas/internal/fs/fs.go:108.2,109.16 2 1
github.com/MrTeeett/atlas/internal/fs/fs.go:109.16,112.3 2 0
github.com/MrTeeett/atlas/internal/fs/fs.go:113.2,114.37 2 1
github.com/MrTeeett/atlas/internal/fs/fs.go:117.70,118.32 1 1
github.com/MrTeeett/atlas/internal/fs/fs.go:118.32,121.3 2 0
github.com/MrTeeett/atlas/internal/fs/fs.go:122.2,124.16 3 1
github.com/MrTeeett/atlas/internal/fs/fs.go:124.16,127.3 2 0
github.com/MrTeeett/atlas/internal/fs/fs.go:128.2,129.46 2 1
github.com/MrTeeett/atlas/internal/fs/fs.go:129.46,130.79 1 1
github.com/MrTeeett/atlas/internal/fs/fs.go:130.79,132.4 1 1
github.com/MrTeeett/atlas/internal/fs/fs.go:135.2,136.16 2 1
github.com/MrTeeett/atlas/internal/fs/fs.go:136.16,139.3 2 0
github.com/MrTeeett/atlas/internal/fs/fs.go:140.2,141.21 2 1
github.com/MrTeeett/atlas/internal/fs/fs.go:144.74,145.32 1 1
github.com/MrTeeett/atlas/internal/fs/fs.go:145.32,148.3 2 0
github.com/MrTeeett/atlas/internal/fs/fs.go:149.2,151.16 3 1
github.com/MrTeeett/atlas/internal/fs/fs.go:151.16,154.3 2 0
github.com/MrTeeett/atlas/internal/fs/fs.go:155.2,155.18 1 1
github.com/MrTeeett/atlas/internal/fs/fs.go:155.18,157.17 2 1
github.com/MrTeeett/atlas/internal/fs/fs.go:157.17,160.4 2 0
github.com/MrTeeett/atlas/internal/fs/fs.go:161.3,162.17 2 1
github.com/MrTeeett/atlas/internal/fs/fs.go:162.17,165.4 2 0
github.com/MrTeeett/atlas/internal/fs/fs.go:166.3,169.17 3 1
github.com/MrTeeett/atlas/internal/fs/fs.go:169.17,172.4 2 0
github.com/MrTeeett/atlas/internal/fs/fs.go:173.3,173.19 1 1
github.com/MrTeeett/atlas/internal/fs/fs.go:173.19,176.4 2 0
github.com/MrTeeett/atlas/internal/fs/fs.go:177.3,180.9 4 1
github.com/MrTeeett/atlas/internal/fs/fs.go:183.2,184.16 2 0
github.com/MrTeeett/atlas/internal/fs/fs.go:184.16,187.3 2 0
github.com/MrTeeett/atlas/internal/fs/fs.go:188.2,188.16 1 0
github.com/MrTeeett/atlas/internal/fs/fs.go:188.16,191.3 2 0
github.com/MrTeeett/atlas/internal/fs/fs.go:192.2,195.20 4 0
github.com/MrTeeett/atlas/internal/fs/fs.go:195.20,197.3 1 0
github.com/MrTeeett/atlas/internal/fs/fs.go:198.2,202.16 4 0
github.com/MrTeeett/atlas/internal/fs/fs.go:202.16,205.3 2 0
github.com/MrTeeett/atlas/internal/fs/fs.go:206.2,208.36 3 0
github.com/MrTeeett/atlas/internal/fs/fs.go:208.36,211.3 2 0
github.com/MrTeeett/atlas/internal/fs/fs.go:212.2,214.16 3 0
github.com/MrTeeett/atlas/internal/fs/fs.go:217.72,218.33 1 1
github.com/MrTeeett/atlas/internal/fs/fs.go:218.33,221.3 2 0
github.com/MrTeeett/atlas/internal/fs/fs.go:222.2,223.16 2 1
github.com/MrTeeett/atlas/internal/fs/fs.go:223.16,226.3 2 0
github.com/MrTeeett/atlas/internal/fs/fs.go:227.2,229.16 3 1
github.com/MrTeeett/atlas/internal/fs/fs.go:229.16,232.3 2 0
github.com/MrTeeett/atlas/internal/fs/fs.go:233.2,233.18 1 1
github.com/MrTeeett/atlas/internal/fs/fs.go:233.18,234.60 1 1
github.com/MrTeeett/atlas/internal/fs/fs.go:234.60,237.4 2 0
github.com/MrTeeett/atlas/internal/fs/fs.go:238.8,240.17 2 0
github.com/MrTeeett/atlas/internal/fs/fs.go:240.17,243.4 2 0
github.com/MrTeeett/atlas/internal/fs/fs.go:244.3,244.18 1 0
github.com/MrTeeett/atlas/internal/fs/fs.go:244.18,247.4 2 0
github.com/MrTeeett/atlas/internal/fs/fs.go:250.2,251.56 2 1
github.com/MrTeeett/atlas/internal/fs/fs.go:251.56,254.3 2 0
github.com/MrTeeett/atlas/internal/fs/fs.go:256.2,257.21 2 1
github.com/MrTeeett/atlas/internal/fs/fs.go:257.21,260.3 2 0
github.com/MrTeeett/atlas/internal/fs/fs.go:261.2,261.27 1 1
github.com/MrTeeett/atlas/internal/fs/fs.go:261.27,262.75 1 1
github.com/MrTeeett/atlas/internal/fs/fs.go:262.75,265.4 2 0
github.com/MrTeeett/atlas/internal/fs/fs.go:267.2,267.37 1 1
github.com/MrTeeett/atlas/internal/fs/fs.go:270.76,271.32 1 1
github.com/MrTeeett/atlas/internal/fs/fs.go:271.32,274.3 2 0
github.com/MrTeeett/atlas/internal/fs/fs.go:275.2,276.61 2 1
github.com/MrTeeett/atlas/internal/fs/fs.go:276.61,277.67 1 1
github.com/MrTeeett/atlas/internal/fs/fs.go:277.67,278.28 1 1
github.com/MrTeeett/atlas/internal/fs/fs.go:278.28,280.5 1 0
github.com/MrTeeett/atlas/internal/fs/fs.go:280.10,283.32 2 1
github.com/MrTeeett/atlas/internal/fs/fs.go:283.32,285.6 1 1
github.com/MrTeeett/atlas/internal/fs/fs.go:286.5,286.18 1 1
github.com/MrTeeett/atlas/internal/fs/fs.go:286.18,288.6 1 0
github.com/MrTeeett/atlas/internal/fs/fs.go:289.5,290.33 2 1
github.com/MrTeeett/atlas/internal/fs/fs.go:290.33,292.17 2 1
github.com/MrTeeett/atlas/internal/fs/fs.go:292.17,293.15 1 0
github.com/MrTeeett/atlas/internal/fs/fs.go:295.6,295.29 1 1
github.com/MrTeeett/atlas/internal/fs/fs.go:295.29,297.7 1 1
github.com/MrTeeett/atlas/internal/fs/fs.go:299.5,300.40 2 1
github.com/MrTeeett/atlas/internal/fs/fs.go:304.2,309.4 2 1
github.com/MrTeeett/atlas/internal/fs/fs.go:312.71,313.33 1 1
github.com/MrTeeett/atlas/internal/fs/fs.go:313.33,316.3 2 0
github.com/MrTeeett/atlas/internal/fs/fs.go:317.2,318.16 2 1
github.com/MrTeeett/atlas/internal/fs/fs.go:318.16,321.3 2 0
github.com/MrTeeett/atlas/internal/fs/fs.go:322.2,324.16 3 1
github.com/MrTeeett/atlas/internal/fs/fs.go:324.16,327.3 2 0
github.com/MrTeeett/atlas/internal/fs/fs.go:328.2,328.18 1 1
github.com/MrTeeett/atlas/internal/fs/fs.go:328.18,329.60 1 1
github.com/MrTeeett/atlas/internal/fs/fs.go:329.60,332.4 2 0
github.com/MrTeeett/atlas/internal/fs/fs.go:333.8,335.17 2 0
github.com/MrTeeett/atlas/internal/fs/fs.go:335.17,338.4 2 0
github.com/MrTeeett/atlas/internal/fs/fs.go:339.3,339.18 1 0
github.com/MrTeeett/atlas/internal/fs/fs.go:339.18,342.4 2 0
github.com/MrTeeett/atlas/internal/fs/fs.go:344.2,345.43 2 1
github.com/MrTeeett/atlas/internal/fs/fs.go:345.43,348.3 2 1
github.com/MrTeeett/atlas/internal/fs/fs.go:349.2,349.79 1 0
github.com/MrTeeett/atlas/internal/fs/fs.go:349.79,352.3 2 0
github.com/MrTeeett/atlas/internal/fs/fs.go:353.2,353.37 1 0
github.com/MrTeeett/atlas/internal/fs/fs.go:356.71,357.33 1 0
github.com/MrTeeett/atlas/internal/fs/fs.go:357.33,360.3 2 0
github.com/MrTeeett/atlas/internal/fs/fs.go:361.2,362.16 2 0
github.com/MrTeeett/atlas/internal/fs/fs.go:362.16,365.3 2 0
github.com/MrTeeett/atlas/internal/fs/fs.go:366.2,368.16 3 0
github.com/MrTeeett/atlas/internal/fs/fs.go:368.16,371.3 2 0
github.com/MrTeeett/atlas/internal/fs/fs.go:372.2,372.18 1 0
github.com/MrTeeett/atlas/internal/fs/fs.go:372.18,373.60 1 0
github.com/MrTeeett/atlas/internal/fs/fs.go:373.60,376.4 2 0
github.com/MrTeeett/atlas/internal/fs/fs.go:377.8,379.17 2 0
github.com/MrTeeett/atlas/internal/fs/fs.go:379.17,382.4 2 0
github.com/MrTeeett/atlas/internal/fs/fs.go:383.3,383.18 1 0
github.com/MrTeeett/atlas/internal/fs/fs.go:383.18,386.4 2 0
github.com/MrTeeett/atlas/internal/fs/fs.go:388.2,389.43 2 0
github.com/MrTeeett/atlas/internal/fs/fs.go:389.43,392.3 2 0
github.com/MrTeeett/atlas/internal/fs/fs.go:393.2,393.79 1 0
github.com/MrTeeett/atlas/internal/fs/fs.go:393.79,396.3 2 0
github.com/MrTeeett/atlas/internal/fs/fs.go:397.2,397.37 1 0
github.com/MrTeeett/atlas/internal/fs/fs.go:400.71,401.33 1 1
github.com/MrTeeett/atlas/internal/fs/fs.go:401.33,404.3 2 0
github.com/MrTeeett/atlas/internal/fs/fs.go:405.2,406.16 2 1
github.com/MrTeeett/atlas/internal/fs/fs.go:406.16,409.3 2 0
github.com/MrTeeett/atlas/internal/fs/fs.go:410.2,412.61 3 1
github.com/MrTeeett/atlas/internal/fs/fs.go:412.61,415.3 2 0
github.com/MrTeeett/atlas/internal/fs/fs.go:416.2,417.20 2 1
github.com/MrTeeett/atlas/internal/fs/fs.go:417.20,420.3 2 0
github.com/MrTeeett/atlas/internal/fs/fs.go:421.2,421.86 1 1
github.com/MrTeeett/atlas/internal/fs/fs.go:421.86,424.3 2 0
github.com/MrTeeett/atlas/internal/fs/fs.go:425.2,425.37 1 1
github.com/MrTeeett/atlas/internal/fs/fs.go:428.72,429.33 1 1
github.com/MrTeeett/atlas/internal/fs/fs.go:429.33,432.3 2 0
github.com/MrTeeett/atlas/internal/fs/fs.go:433.2,434.16 2 1
github.com/MrTeeett/atlas/internal/fs/fs.go:434.16,437.3 2 0
github.com/MrTeeett/atlas/internal/fs/fs.go:438.2,439.61 2 1
github.com/MrTeeett/atlas/internal/fs/fs.go:439.61,442.3 2 0
github.com/MrTeeett/atlas/internal/fs/fs.go:443.2,444.45 2 1
github.com/MrTeeett/atlas/internal/fs/fs.go:444.45,447.3 2 0
github.com/MrTeeett/atlas/internal/fs/fs.go:448.2,448.70 1 1
github.com/MrTeeett/atlas/internal/fs/fs.go:448.70,451.3 2 0
github.com/MrTeeett/atlas/internal/fs/fs.go:452.2,452.37 1 1
github.com/MrTeeett/atlas/internal/fs/fs.go:455.72,456.33 1 1
github.com/MrTeeett/atlas/internal/fs/fs.go:456.33,459.3 2 0
github.com/MrTeeett/atlas/internal/fs/fs.go:460.2,461.16 2 1
github.com/MrTeeett/atlas/internal/fs/fs.go:461.16,464.3 2 0
github.com/MrTeeett/atlas/internal/fs/fs.go:465.2,466.61 2 1
github.com/MrTeeett/atlas/internal/fs/fs.go:466.61,469.3 2 0
github.com/MrTeeett/atlas/internal/fs/fs.go:470.2,470.25 1 1
github.com/MrTeeett/atlas/internal/fs/fs.go:470.25,473.3 2 0
github.com/MrTeeett/atlas/internal/fs/fs.go:474.2,474.30 1 1
github.com/MrTeeett/atlas/internal/fs/fs.go:474.30,475.62 1 1
github.com/MrTeeett/atlas/internal/fs/fs.go:475.62,478.4 2 0
github.com/MrTeeett/atlas/internal/fs/fs.go:480.2,480.37 1 1
github.com/MrTeeett/atlas/internal/fs/fs.go:483.56,485.16 2 1
github.com/MrTeeett/atlas/internal/fs/fs.go:485.16,487.3 1 0
github.com/MrTeeett/atlas/internal/fs/fs.go:489.2,491.19 3 1
github.com/MrTeeett/atlas/internal/fs/fs.go:491.19,494.3 2 1
github.com/MrTeeett/atlas/internal/fs/fs.go:496.2,496.28 1 1
github.com/MrTeeett/atlas/internal/fs/fs.go:496.28,498.17 2 1
github.com/MrTeeett/atlas/internal/fs/fs.go:498.17,499.12 1 0
github.com/MrTeeett/atlas/internal/fs/fs.go:501.3,503.17 3 1
github.com/MrTeeett/atlas/internal/fs/fs.go:503.17,504.12 1 0
github.com/MrTeeett/atlas/internal/fs/fs.go:506.3,512.5 1 1
github.com/MrTeeett/atlas/internal/fs/fs.go:515.2,515.38 1 1
github.com/MrTeeett/atlas/internal/fs/fs.go:515.38,516.26 1 1
github.com/MrTeeett/atlas/internal/fs/fs.go:516.26,518.4 1 0
github.com/MrTeeett/atlas/internal/fs/fs.go:519.3,519.26 1 1
github.com/MrTeeett/atlas/internal/fs/fs.go:519.26,521.4 1 1
github.com/MrTeeett/atlas/internal/fs/fs.go:522.3,522.35 1 1
github.com/MrTeeett/atlas/internal/fs/fs.go:522.35,524.4 1 1
github.com/MrTeeett/atlas/internal/fs/fs.go:525.3,525.69 1 0
github.com/MrTeeett/atlas/internal/fs/fs.go:528.2,528.17 1 1
github.com/MrTeeett/atlas/internal/fs/fs.go:531.62,532.22 1 1
github.com/MrTeeett/atlas/internal/fs/fs.go:532.22,534.3 1 0
github.com/MrTeeett/atlas/internal/fs/fs.go:535.2,535.41 1 1
github.com/MrTeeett/atlas/internal/fs/fs.go:535.41,537.3 1 0
github.com/MrTeeett/atlas/internal/fs/fs.go:538.2,541.32 4 1
github.com/MrTeeett/atlas/internal/fs/fs.go:544.68,548.16 4 1
github.com/MrTeeett/atlas/internal/fs/fs.go:548.16,550.3 1 0
github.com/MrTeeett/atlas/internal/fs/fs.go:551.2,551.76 1 1
github.com/MrTeeett/atlas/internal/fs/fs.go:551.76,553.3 1 1
github.com/MrTeeett/atlas/internal/fs/fs.go:554.2,554.15 1 1
github.com/MrTeeett/atlas/internal/fs/fs.go:557.53,560.17 3 1
github.com/MrTeeett/atlas/internal/fs/fs.go:560.17,561.14 1 0
github.com/MrTeeett/atlas/internal/fs/fs.go:561.14,563.4 1 0
github.com/MrTeeett/atlas/internal/fs/fs.go:564.3,564.33 1 0
github.com/MrTeeett/atlas/internal/fs/fs.go:564.33,566.4 1 0
github.com/MrTeeett/atlas/internal/fs/fs.go:567.3,567.11 1 0
github.com/MrTeeett/atlas/internal/fs/fs.go:569.2,570.30 2 1
github.com/MrTeeett/atlas/internal/fs/fs.go:570.30,572.3 1 1
github.com/MrTeeett/atlas/internal/fs/fs.go:573.2,573.36 1 1
github.com/MrTeeett/atlas/internal/fs/fs.go:576.43,581.16 5 1
github.com/MrTeeett/atlas/internal/fs/fs.go:581.16,583.3 1 0
github.com/MrTeeett/atlas/internal/fs/fs.go:584.2,584.13 1 1
github.com/MrTeeett/atlas/internal/fs/fs.go:587.38,588.47 1 1
github.com/MrTeeett/atlas/internal/fs/fs.go:588.47,590.3 1 1
github.com/MrTeeett/atlas/internal/fs/fs.go:591.2,591.52 1 1
github.com/MrTeeett/atlas/internal/fs/fs.go:591.52,593.3 1 1
github.com/MrTeeett/atlas/internal/fs/fs.go:594.2,594.36 1 1
github.com/MrTeeett/atlas/internal/fs/fs.go:594.36,596.3 1 0
github.com/MrTeeett/atlas/internal/fs/fs.go:597.2,597.12 1 1
github.com/MrTeeett/atlas/internal/fs/fs.go:600.83,602.28 2 1
github.com/MrTeeett/atlas/internal/fs/fs.go:602.28,604.3 1 0
github.com/MrTeeett/atlas/internal/fs/fs.go:605.2,605.43 1 1
github.com/MrTeeett/atlas/internal/fs/fs.go:605.43,606.17 1 1
github.com/MrTeeett/atlas/internal/fs/fs.go:606.17,607.12 1 0
github.com/MrTeeett/atlas/internal/fs/fs.go:609.3,609.26 1 1
github.com/MrTeeett/atlas/internal/fs/fs.go:609.26,611.4 1 1
github.com/MrTeeett/atlas/internal/fs/fs.go:613.2,613.12 1 1
github.com/MrTeeett/atlas/internal/fs/fs.go:616.83,618.43 2 1
github.com/MrTeeett/atlas/internal/fs/fs.go:618.43,620.3 1 0
github.com/MrTeeett/atlas/internal/fs/fs.go:621.2,623.16 3 1
github.com/MrTeeett/atlas/internal/fs/fs.go:623.16,625.3 1 0
github.com/MrTeeett/atlas/internal/fs/fs.go:627.2,628.16 2 1
github.com/MrTeeett/atlas/internal/fs/fs.go:628.16,630.3 1 0
github.com/MrTeeett/atlas/internal/fs/fs.go:631.2,634.16 3 1
github.com/MrTeeett/atlas/internal/fs/fs.go:634.16,636.3 1 0
github.com/MrTeeett/atlas/internal/fs/fs.go:637.2,639.12 3 1
github.com/MrTeeett/atlas/internal/fs/helper.go:14.35,18.43 4 0
github.com/MrTeeett/atlas/internal/fs/helper.go:18.43,21.3 2 0
github.com/MrTeeett/atlas/internal/fs/helper.go:22.2,23.20 2 0
github.com/MrTeeett/atlas/internal/fs/helper.go:23.20,26.3 2 0
github.com/MrTeeett/atlas/internal/fs/helper.go:27.2,31.12 4 0
github.com/MrTeeett/atlas/internal/fs/helper.go:32.14,36.40 4 0
github.com/MrTeeett/atlas/internal/fs/helper.go:36.40,39.4 2 0
github.com/MrTeeett/atlas/internal/fs/helper.go:40.3,41.17 2 0
github.com/MrTeeett/atlas/internal/fs/helper.go:41.17,44.4 2 0
github.com/MrTeeett/atlas/internal/fs/helper.go:45.3,46.17 2 0
github.com/MrTeeett/atlas/internal/fs/helper.go:46.17,49.4 2 0
github.com/MrTeeett/atlas/internal/fs/helper.go:50.3,51.11 2 0
github.com/MrTeeett/atlas/internal/fs/helper.go:53.14,58.40 5 0
github.com/MrTeeett/atlas/internal/fs/helper.go:58.40,61.4 2 0
github.com/MrTeeett/atlas/internal/fs/helper.go:62.3,63.17 2 0
github.com/MrTeeett/atlas/internal/fs/helper.go:63.17,66.4 2 0
github.com/MrTeeett/atlas/internal/fs/helper.go:67.3,68.17 2 0
github.com/MrTeeett/atlas/internal/fs/helper.go:68.17,71.4 2 0
github.com/MrTeeett/atlas/internal/fs/helper.go:72.3,74.17 3 0
github.com/MrTeeett/atlas/internal/fs/helper.go:74.17,77.4 2 0
github.com/MrTeeett/atlas/internal/fs/helper.go:78.3,78.31 1 0
github.com/MrTeeett/atlas/internal/fs/helper.go:78.31,80.4 1 0
github.com/MrTeeett/atlas/internal/fs/helper.go:81.3,82.11 2 0
github.com/MrTeeett/atlas/internal/fs/helper.go:84.13,88.40 4 0
github.com/MrTeeett/atlas/internal/fs/helper.go:88.40,91.4 2 0
github.com/MrTeeett/atlas/internal/fs/helper.go:92.3,93.17 2 0
github.com/MrTeeett/atlas/internal/fs/helper.go:93.17,96.4 2 0
github.com/MrTeeett/atlas/internal/fs/helper.go:97.3,98.17 2 0
github.com/MrTeeett/atlas/internal/fs/helper.go:98.17,101.4 2 0
github.com/MrTeeett/atlas/internal/fs/helper.go:102.3,103.50 2 0
github.com/MrTeeett/atlas/internal/fs/helper.go:103.50,106.4 2 0
github.com/MrTeeett/atlas/internal/fs/helper.go:107.3,107.11 1 0
github.com/MrTeeett/atlas/internal/fs/helper.go:109.14,113.40 4 0
github.com/MrTeeett/atlas/internal/fs/helper.go:113.40,116.4 2 0
github.com/MrTeeett/atlas/internal/fs/helper.go:117.3,118.17 2 0
github.com/MrTeeett/atlas/internal/fs/helper.go:118.17,121.4 2 0
github.com/MrTeeett/atlas/internal/fs/helper.go:122.3,123.17 2 0
github.com/MrTeeett/atlas/internal/fs/helper.go:123.17,126.4 2 0
github.com/MrTeeett/atlas/internal/fs/helper.go:127.3,133.11 2 0
github.com/MrTeeett/atlas/internal/fs/helper.go:135.15,140.40 5 0
github.com/MrTeeett/atlas/internal/fs/helper.go:140.40,143.4 2 0
github.com/MrTeeett/atlas/internal/fs/helper.go:144.3,144.45 1 0
github.com/MrTeeett/atlas/internal/fs/helper.go:144.45,147.4 2 0
github.com/MrTeeett/atlas/internal/fs/helper.go:148.3,149.17 2 0
github.com/MrTeeett/atlas/internal/fs/helper.go:149.17,152.4 2 0
github.com/MrTeeett/atlas/internal/fs/helper.go:153.3,153.60 1 0
github.com/MrTeeett/atlas/internal/fs/helper.go:153.60,156.4 2 0
github.com/MrTeeett/atlas/internal/fs/helper.go:157.3,159.17 3 0
github.com/MrTeeett/atlas/internal/fs/helper.go:159.17,162.4 2 0
github.com/MrTeeett/atlas/internal/fs/helper.go:163.3,164.17 2 0
github.com/MrTeeett/atlas/internal/fs/helper.go:164.17,167.4 2 0
github.com/MrTeeett/atlas/internal/fs/helper.go:168.3,169.51 2 0
github.com/MrTeeett/atlas/internal/fs/helper.go:169.51,172.4 2 0
github.com/MrTeeett/atlas/internal/fs/helper.go:173.3,173.11 1 0
github.com/MrTeeett/atlas/internal/fs/helper.go:175.15,180.40 5 0
github.com/MrTeeett/atlas/internal/fs/helper.go:180.40,183.4 2 0
github.com/MrTeeett/atlas/internal/fs/helper.go:184.3,184.45 1 0
github.com/MrTeeett/atlas/internal/fs/helper.go:184.45,187.4 2 0
github.com/MrTeeett/atlas/internal/fs/helper.go:188.3,189.17 2 0
github.com/MrTeeett/atlas/internal/fs/helper.go:189.17,192.4 2 0
github.com/MrTeeett/atlas/internal/fs/helper.go:193.3,195.17 3 0
github.com/MrTeeett/atlas/internal/fs/helper.go:195.17,198.4 2 0
github.com/MrTeeett/atlas/internal/fs/helper.go:199.3,199.46 1 0
github.com/MrTeeett/atlas/internal/fs/helper.go:199.46,202.4 2 0
github.com/MrTeeett/atlas/internal/fs/helper.go:203.3,203.11 1 0
github.com/MrTeeett/atlas/internal/fs/helper.go:205.15,210.40 5 0
github.com/MrTeeett/atlas/internal/fs/helper.go:210.40,213.4 2 0
github.com/MrTeeett/atlas/internal/fs/helper.go:214.3,214.45 1 0
github.com/MrTeeett/atlas/internal/fs/helper.go:214.45,217.4 2 0
github.com/MrTeeett/atlas/internal/fs/helper.go:218.3,219.17 2 0
github.com/MrTeeett/atlas/internal/fs/helper.go:219.17,222.4 2 0
github.com/MrTeeett/atlas/internal/fs/helper.go:223.3,223.60 1 0
github.com/MrTeeett/atlas/internal/fs/helper.go:223.60,226.4 2 0
github.com/MrTeeett/atlas/internal/fs/helper.go:227.3,229.17 3 0
github.com/MrTeeett/atlas/internal/fs/helper.go:229.17,232.4 2 0
github.com/MrTeeett/atlas/internal/fs/helper.go:233.3,234.17 2 0
github.com/MrTeeett/atlas/internal/fs/helper.go:234.17,237.4 2 0
github.com/MrTeeett/atlas/internal/fs/helper.go:238.3,239.11 2 0
github.com/MrTeeett/atlas/internal/fs/helper.go:241.19,245.40 4 0
github.com/MrTeeett/atlas/internal/fs/helper.go:245.40,248.4 2 0
github.com/MrTeeett/atlas/internal/fs/helper.go:249.3,249.18 1 0
github.com/MrTeeett/atlas/internal/fs/helper.go:249.18,252.4 2 0
github.com/MrTeeett/atlas/internal/fs/helper.go:253.3,254.17 2 0
github.com/MrTeeett/atlas/internal/fs/helper.go:254.17,257.4 2 0
github.com/MrTeeett/atlas/internal/fs/helper.go:258.3,258.33 1 0
github.com/MrTeeett/atlas/internal/fs/helper.go:258.33,261.4 2 0
github.com/MrTeeett/atlas/internal/fs/helper.go:262.3,262.56 1 0
github.com/MrTeeett/atlas/internal/fs/helper.go:262.56,265.4 2 0
github.com/MrTeeett/atlas/internal/fs/helper.go:266.3,267.17 2 0
github.com/MrTeeett/atlas/internal/fs/helper.go:267.17,270.4 2 0
github.com/MrTeeett/atlas/internal/fs/helper.go:271.3,272.72 2 0
github.com/MrTeeett/atlas/internal/fs/helper.go:272.72,275.4 2 0
github.com/MrTeeett/atlas/internal/fs/helper.go:276.3,276.11 1 0
github.com/MrTeeett/atlas/internal/fs/helper.go:278.16,283.40 5 0
github.com/MrTeeett/atlas/internal/fs/helper.go:283.40,286.4 2 0
github.com/MrTeeett/atlas/internal/fs/helper.go:287.3,287.18 1 0
github.com/MrTeeett/atlas/internal/fs/helper.go:287.18,290.4 2 0
github.com/MrTeeett/atlas/internal/fs/helper.go:291.3,291.43 1 0
github.com/MrTeeett/atlas/internal/fs/helper.go:291.43,294.4 2 0
github.com/MrTeeett/atlas/internal/fs/helper.go:295.3,296.17 2 0
github.com/MrTeeett/atlas/internal/fs/helper.go:296.17,299.4 2 0
github.com/MrTeeett/atlas/internal/fs/helper.go:300.3,300.37 1 0
github.com/MrTeeett/atlas/internal/fs/helper.go:300.37,303.4 2 0
github.com/MrTeeett/atlas/internal/fs/helper.go:304.3,306.17 3 0
github.com/MrTeeett/atlas/internal/fs/helper.go:306.17,309.4 2 0
github.com/MrTeeett/atlas/internal/fs/helper.go:310.3,310.52 1 0
github.com/MrTeeett/atlas/internal/fs/helper.go:310.52,313.4 2 0
github.com/MrTeeett/atlas/internal/fs/helper.go:314.3,314.11 1 0
github.com/MrTeeett/atlas/internal/fs/helper.go:316.16,321.40 5 0
github.com/MrTeeett/atlas/internal/fs/helper.go:321.40,324.4 2 0
github.com/MrTeeett/atlas/internal/fs/helper.go:325.3,325.18 1 0
github.com/MrTeeett/atlas/internal/fs/helper.go:325.18,328.4 2 0
github.com/MrTeeett/atlas/internal/fs/helper.go:329.3,330.17 2 0
github.com/MrTeeett/atlas/internal/fs/helper.go:330.17,333.4 2 0
github.com/MrTeeett/atlas/internal/fs/helper.go:334.3,334.33 1 0
github.com/MrTeeett/atlas/internal/fs/helper.go:334.33,337.4 2 0
github.com/MrTeeett/atlas/internal/fs/helper.go:338.3,339.17 2 0
github.com/MrTeeett/atlas/internal/fs/helper.go:339.17,341.4 1 0
github.com/MrTeeett/atlas/internal/fs/helper.go:341.9,343.4 1 0
github.com/MrTeeett/atlas/internal/fs/helper.go:344.3,344.18 1 0
github.com/MrTeeett/atlas/internal/fs/helper.go:344.18,347.4 2 0
github.com/MrTeeett/atlas/internal/fs/helper.go:348.3,348.11 1 0
github.com/MrTeeett/atlas/internal/fs/helper.go:350.10,352.11 2 0
github.com/MrTeeett/atlas/internal/system/autostart.go:14.46,14.76 1 0
github.com/MrTeeett/atlas/internal/system/autostart.go:30.84,31.32 1 0
github.com/MrTeeett/atlas/internal/system/autostart.go:31.32,34.3 2 0
github.com/MrTeeett/atlas/internal/system/autostart.go:35.2,36.16 2 0
github.com/MrTeeett/atlas/internal/system/autostart.go:36.16,39.3 2 0
github.com/MrTeeett/atlas/internal/system/autostart.go:41.2,45.21 4 0
github.com/MrTeeett/atlas/internal/system/autostart.go:45.21,48.3 2 0
github.com/MrTeeett/atlas/internal/system/autostart.go:51.2,53.26 3 0
github.com/MrTeeett/atlas/internal/system/autostart.go:53.26,54.24 1 0
github.com/MrTeeett/atlas/internal/system/autostart.go:54.24,60.12 2 0
github.com/MrTeeett/atlas/internal/system/autostart.go:62.3,62.33 1 0
github.com/MrTeeett/atlas/internal/system/autostart.go:65.2,67.15 3 0
github.com/MrTeeett/atlas/internal/system/autostart.go:67.15,69.3 1 0
github.com/MrTeeett/atlas/internal/system/autostart.go:69.8,69.26 1 0
github.com/MrTeeett/atlas/internal/system/autostart.go:69.26,71.3 1 0
github.com/MrTeeett/atlas/internal/system/autostart.go:72.2,72.78 1 0
github.com/MrTeeett/atlas/internal/system/autostart.go:75.84,85.16 4 0
github.com/MrTeeett/atlas/internal/system/autostart.go:85.16,86.14 1 0
github.com/MrTeeett/atlas/internal/system/autostart.go:86.14,88.4 1 0
github.com/MrTeeett/atlas/internal/system/autostart.go:90.3,90.16 1 0
github.com/MrTeeett/atlas/internal/system/autostart.go:93.2,95.16 3 0
github.com/MrTeeett/atlas/internal/system/autostart.go:95.16,97.17 2 0
github.com/MrTeeett/atlas/internal/system/autostart.go:97.17,98.12 1 0
github.com/MrTeeett/atlas/internal/system/autostart.go:100.3,101.22 2 0
github.com/MrTeeett/atlas/internal/system/autostart.go:101.22,102.12 1 0
github.com/MrTeeett/atlas/internal/system/autostart.go:104.3,105.40 2 0
github.com/MrTeeett/atlas/internal/system/autostart.go:105.40,106.12 1 0
github.com/MrTeeett/atlas/internal/system/autostart.go:108.3,109.24 2 0
github.com/MrTeeett/atlas/internal/system/autostart.go:109.24,110.9 1 0
github.com/MrTeeett/atlas/internal/system/autostart.go:113.2,113.18 1 0
github.com/MrTeeett/atlas/internal/system/autostart.go:116.39,120.2 2 0
github.com/MrTeeett/atlas/internal/system/autostart.go:122.97,127.45 4 0
github.com/MrTeeett/atlas/internal/system/autostart.go:127.45,129.21 2 0
github.com/MrTeeett/atlas/internal/system/autostart.go:129.21,131.4 1 0
github.com/MrTeeett/atlas/internal/system/autostart.go:132.3,134.16 3 0
github.com/MrTeeett/atlas/internal/system/autostart.go:134.16,136.4 1 0
github.com/MrTeeett/atlas/internal/system/autostart.go:136.9,136.28 1 0
github.com/MrTeeett/atlas/internal/system/autostart.go:136.28,138.4 1 0
github.com/MrTeeett/atlas/internal/system/autostart.go:140.2,140.17 1 0
github.com/MrTeeett/atlas/internal/system/autostart.go:143.102,152.16 7 0
github.com/MrTeeett/atlas/internal/system/autostart.go:152.16,154.3 1 0
github.com/MrTeeett/atlas/internal/system/autostart.go:156.2,156.13 1 0
github.com/MrTeeett/atlas/internal/system/autostart.go:156.13,158.3 1 0
github.com/MrTeeett/atlas/internal/system/autostart.go:159.2,159.37 1 0
github.com/MrTeeett/atlas/internal/system/autostart.go:162.53,168.16 5 0
github.com/MrTeeett/atlas/internal/system/autostart.go:168.16,170.17 2 0
github.com/MrTeeett/atlas/internal/system/autostart.go:170.17,171.12 1 0
github.com/MrTeeett/atlas/internal/system/autostart.go:173.3,173.37 1 0
github.com/MrTeeett/atlas/internal/system/autostart.go:173.37,174.12 1 0
github.com/MrTeeett/atlas/internal/system/autostart.go:174.12,176.5 1 0
github.com/MrTeeett/atlas/internal/system/autostart.go:177.4,179.12 3 0
github.com/MrTeeett/atlas/internal/system/autostart.go:181.3,181.12 1 0
github.com/MrTeeett/atlas/internal/system/autostart.go:181.12,182.12 1 0
github.com/MrTeeett/atlas/internal/system/autostart.go:184.3,184.46 1 0
github.com/MrTeeett/atlas/internal/system/autostart.go:184.46,186.4 1 0
github.com/MrTeeett/atlas/internal/system/autostart.go:186.9,186.50 1 0
github.com/MrTeeett/atlas/internal/system/autostart.go:186.50,188.4 1 0
github.com/MrTeeett/atlas/internal/system/autostart.go:188.9,188.53 1 0
github.com/MrTeeett/atlas/internal/system/autostart.go:188.53,190.4 1 0
github.com/MrTeeett/atlas/internal/system/autostart.go:192.2,192.10 1 0
github.com/MrTeeett/atlas/internal/system/autostart.go:192.10,194.3 1 0
github.com/MrTeeett/atlas/internal/system/autostart.go:195.2,195.14 1 0
github.com/MrTeeett/atlas/internal/system/autostart.go:198.44,200.16 2 0
github.com/MrTeeett/atlas/internal/system/autostart.go:200.16,202.17 2 0
github.com/MrTeeett/atlas/internal/system/autostart.go:202.17,203.12 1 0
github.com/MrTeeett/atlas/internal/system/autostart.go:205.3,205.79 1 0
github.com/MrTeeett/atlas/internal/system/autostart.go:205.79,207.4 1 0
github.com/MrTeeett/atlas/internal/system/autostart.go:210.2,210.47 1 0
github.com/MrTeeett/atlas/internal/system/autostart.go:210.47,212.3 1 0
github.com/MrTeeett/atlas/internal/system/autostart.go:213.2,213.31 1 0
github.com/MrTeeett/atlas/internal/system/exec.go:20.50,22.2 1 1
github.com/MrTeeett/atlas/internal/system/exec.go:32.73,33.20 1 1
github.com/MrTeeett/atlas/internal/system/exec.go:33.20,36.3 2 1
github.com/MrTeeett/atlas/internal/system/exec.go:37.2,37.33 1 1
github.com/MrTeeett/atlas/internal/system/exec.go:37.33,40.3 2 0
github.com/MrTeeett/atlas/internal/system/exec.go:42.2,43.61 2 1
github.com/MrTeeett/atlas/internal/system/exec.go:43.61,46.3 2 1
github.com/MrTeeett/atlas/internal/system/exec.go:47.2,47.42 1 1
github.com/MrTeeett/atlas/internal/system/exec.go:47.42,50.3 2 1
github.com/MrTeeett/atlas/internal/system/exec.go:52.2,60.21 7 0
github.com/MrTeeett/atlas/internal/system/exec.go:60.21,62.3 1 0
github.com/MrTeeett/atlas/internal/system/exec.go:63.2,64.59 2 0
github.com/MrTeeett/atlas/internal/system/firewall.go:70.62,87.2 6 1
github.com/MrTeeett/atlas/internal/system/firewall.go:89.80,96.21 6 1
github.com/MrTeeett/atlas/internal/system/firewall.go:96.21,98.3 1 1
github.com/MrTeeett/atlas/internal/system/firewall.go:100.2,108.20 2 1
github.com/MrTeeett/atlas/internal/system/firewall.go:108.20,111.3 2 1
github.com/MrTeeett/atlas/internal/system/firewall.go:112.2,114.16 3 0
github.com/MrTeeett/atlas/internal/system/firewall.go:114.16,116.3 1 0
github.com/MrTeeett/atlas/internal/system/firewall.go:117.2,117.18 1 0
github.com/MrTeeett/atlas/internal/system/firewall.go:124.81,125.33 1 1
github.com/MrTeeett/atlas/internal/system/firewall.go:125.33,128.3 2 0
github.com/MrTeeett/atlas/internal/system/firewall.go:129.2,129.20 1 1
github.com/MrTeeett/atlas/internal/system/firewall.go:129.20,132.3 2 1
github.com/MrTeeett/atlas/internal/system/firewall.go:133.2,134.61 2 0
github.com/MrTeeett/atlas/internal/system/firewall.go:134.61,137.3 2 0
github.com/MrTeeett/atlas/internal/system/firewall.go:138.2,145.39 7 0
github.com/MrTeeett/atlas/internal/system/firewall.go:145.39,150.3 4 0
github.com/MrTeeett/atlas/internal/system/firewall.go:151.2,152.16 2 0
github.com/MrTeeett/atlas/internal/system/firewall.go:152.16,159.3 5 0
github.com/MrTeeett/atlas/internal/system/firewall.go:160.2,161.37 2 0
github.com/MrTeeett/atlas/internal/system/firewall.go:164.79,165.33 1 1
github.com/MrTeeett/atlas/internal/system/firewall.go:165.33,168.3 2 0
github.com/MrTeeett/atlas/internal/system/firewall.go:169.2,169.20 1 1
github.com/MrTeeett/atlas/internal/system/firewall.go:169.20,172.3 2 1
github.com/MrTeeett/atlas/internal/system/firewall.go:173.2,179.16 6 1
github.com/MrTeeett/atlas/internal/system/firewall.go:179.16,182.3 2 1
github.com/MrTeeett/atlas/internal/system/firewall.go:183.2,183.37 1 0
github.com/MrTeeett/atlas/internal/system/firewall.go:201.79,202.18 1 1
github.com/MrTeeett/atlas/internal/system/firewall.go:203.22,208.9 5 1
github.com/MrTeeett/atlas/internal/system/firewall.go:210.23,210.23 0 1
github.com/MrTeeett/atlas/internal/system/firewall.go:211.10,213.9 2 0
github.com/MrTeeett/atlas/internal/system/firewall.go:216.2,216.20 1 1
github.com/MrTeeett/atlas/internal/system/firewall.go:216.20,219.3 2 1
github.com/MrTeeett/atlas/internal/system/firewall.go:221.2,222.61 2 0
github.com/MrTeeett/atlas/internal/system/firewall.go:222.61,225.3 2 0
github.com/MrTeeett/atlas/internal/system/firewall.go:226.2,227.16 2 0
github.com/MrTeeett/atlas/internal/system/firewall.go:227.16,230.3 2 0
github.com/MrTeeett/atlas/internal/system/firewall.go:232.2,238.38 6 0
github.com/MrTeeett/atlas/internal/system/firewall.go:238.38,240.3 1 0
github.com/MrTeeett/atlas/internal/system/firewall.go:241.2,243.39 3 0
github.com/MrTeeett/atlas/internal/system/firewall.go:243.39,248.3 4 0
github.com/MrTeeett/atlas/internal/system/firewall.go:249.2,250.16 2 0
github.com/MrTeeett/atlas/internal/system/firewall.go:250.16,256.3 5 0
github.com/MrTeeett/atlas/internal/system/firewall.go:257.2,258.20 2 0
github.com/MrTeeett/atlas/internal/system/firewall.go:273.80,277.38 4 0
github.com/MrTeeett/atlas/internal/system/firewall.go:277.38,280.3 2 0
github.com/MrTeeett/atlas/internal/system/firewall.go:281.2,283.21 3 0
github.com/MrTeeett/atlas/internal/system/firewall.go:283.21,285.3 1 0
github.com/MrTeeett/atlas/internal/system/firewall.go:287.2,287.20 1 0
github.com/MrTeeett/atlas/internal/system/firewall.go:287.20,290.3 2 0
github.com/MrTeeett/atlas/internal/system/firewall.go:292.2,295.9 3 0
github.com/MrTeeett/atlas/internal/system/firewall.go:296.57,298.62 2 0
github.com/MrTeeett/atlas/internal/system/firewall.go:298.62,301.4 2 0
github.com/MrTeeett/atlas/internal/system/firewall.go:302.3,305.29 4 0
github.com/MrTeeett/atlas/internal/system/firewall.go:305.29,306.30 1 0
github.com/MrTeeett/atlas/internal/system/firewall.go:306.30,309.10 3 0
github.com/MrTeeett/atlas/internal/system/firewall.go:312.3,312.13 1 0
github.com/MrTeeett/atlas/internal/system/firewall.go:312.13,316.4 3 0
github.com/MrTeeett/atlas/internal/system/firewall.go:317.3,318.40 2 0
github.com/MrTeeett/atlas/internal/system/firewall.go:318.40,323.4 4 0
github.com/MrTeeett/atlas/internal/system/firewall.go:324.3,325.17 2 0
github.com/MrTeeett/atlas/internal/system/firewall.go:325.17,331.4 5 0
github.com/MrTeeett/atlas/internal/system/firewall.go:332.3,334.9 3 0
github.com/MrTeeett/atlas/internal/system/firewall.go:336.53,341.33 5 0
github.com/MrTeeett/atlas/internal/system/firewall.go:341.33,342.19 1 0
github.com/MrTeeett/atlas/internal/system/firewall.go:342.19,344.13 2 0
github.com/MrTeeett/atlas/internal/system/firewall.go:346.4,346.25 1 0
github.com/MrTeeett/atlas/internal/system/firewall.go:348.3,348.13 1 0
github.com/MrTeeett/atlas/internal/system/firewall.go:348.13,352.4 3 0
github.com/MrTeeett/atlas/internal/system/firewall.go:353.3,355.40 3 0
github.com/MrTeeett/atlas/internal/system/firewall.go:355.40,360.4 4 0
github.com/MrTeeett/atlas/internal/system/firewall.go:361.3,362.17 2 0
github.com/MrTeeett/atlas/internal/system/firewall.go:362.17,368.4 5 0
github.com/MrTeeett/atlas/internal/system/firewall.go:369.3,371.9 3 0
github.com/MrTeeett/atlas/internal/system/firewall.go:373.50,375.62 2 0
github.com/MrTeeett/atlas/internal/system/firewall.go:375.62,378.4 2 0
github.com/MrTeeett/atlas/internal/system/firewall.go:379.3,380.17 2 0
github.com/MrTeeett/atlas/internal/system/firewall.go:380.17,383.4 2 0
github.com/MrTeeett/atlas/internal/system/firewall.go:384.3,387.29 4 0
github.com/MrTeeett/atlas/internal/system/firewall.go:387.29,388.30 1 0
github.com/MrTeeett/atlas/internal/system/firewall.go:388.30,394.10 6 0
github.com/MrTeeett/atlas/internal/system/firewall.go:397.3,397.13 1 0
github.com/MrTeeett/atlas/internal/system/firewall.go:397.13,401.4 3 0
github.com/MrTeeett/atlas/internal/system/firewall.go:402.3,403.40 2 0
github.com/MrTeeett/atlas/internal/system/firewall.go:403.40,408.4 4 0
github.com/MrTeeett/atlas/internal/system/firewall.go:409.3,410.17 2 0
github.com/MrTeeett/atlas/internal/system/firewall.go:410.17,416.4 5 0
github.com/MrTeeett/atlas/internal/system/firewall.go:417.3,419.9 3 0
github.com/MrTeeett/atlas/internal/system/firewall.go:422.2,422.21 1 0
github.com/MrTeeett/atlas/internal/system/firewall.go:443.83,445.31 2 1
github.com/MrTeeett/atlas/internal/system/firewall.go:445.31,448.3 2 0
github.com/MrTeeett/atlas/internal/system/firewall.go:449.2,450.17 2 1
github.com/MrTeeett/atlas/internal/system/firewall.go:450.17,452.3 1 0
github.com/MrTeeett/atlas/internal/system/firewall.go:453.2,453.56 1 1
github.com/MrTeeett/atlas/internal/system/firewall.go:453.56,456.3 2 0
github.com/MrTeeett/atlas/internal/system/firewall.go:457.2,457.20 1 1
github.com/MrTeeett/atlas/internal/system/firewall.go:457.20,460.3 2 0
github.com/MrTeeett/atlas/internal/system/firewall.go:462.2,465.20 4 1
github.com/MrTeeett/atlas/internal/system/firewall.go:465.20,467.3 1 1
github.com/MrTeeett/atlas/internal/system/firewall.go:467.8,467.27 1 0
github.com/MrTeeett/atlas/internal/system/firewall.go:467.27,469.3 1 0
github.com/MrTeeett/atlas/internal/system/firewall.go:469.8,471.3 1 0
github.com/MrTeeett/atlas/internal/system/firewall.go:473.2,475.16 3 1
github.com/MrTeeett/atlas/internal/system/firewall.go:475.16,479.3 3 0
github.com/MrTeeett/atlas/internal/system/firewall.go:480.2,482.27 3 1
github.com/MrTeeett/atlas/internal/system/firewall.go:482.27,484.15 2 1
github.com/MrTeeett/atlas/internal/system/firewall.go:484.15,485.12 1 1
github.com/MrTeeett/atlas/internal/system/firewall.go:487.3,488.22 2 1
github.com/MrTeeett/atlas/internal/system/firewall.go:488.22,489.12 1 0
github.com/MrTeeett/atlas/internal/system/firewall.go:491.3,494.16 4 1
github.com/MrTeeett/atlas/internal/system/firewall.go:494.16,495.12 1 1
github.com/MrTeeett/atlas/internal/system/firewall.go:497.3,498.55 2 1
github.com/MrTeeett/atlas/internal/system/firewall.go:498.55,502.4 3 1
github.com/MrTeeett/atlas/internal/system/firewall.go:503.3,503.28 1 1
github.com/MrTeeett/atlas/internal/system/firewall.go:505.2,506.20 2 1
github.com/MrTeeett/atlas/internal/system/firewall.go:509.34,511.17 2 1
github.com/MrTeeett/atlas/internal/system/firewall.go:511.17,513.3 1 0
github.com/MrTeeett/atlas/internal/system/firewall.go:514.2,514.49 1 1
github.com/MrTeeett/atlas/internal/system/firewall.go:514.49,517.3 2 0
github.com/MrTeeett/atlas/internal/system/firewall.go:518.2,519.11 2 1
github.com/MrTeeett/atlas/internal/system/firewall.go:519.11,521.3 1 0
github.com/MrTeeett/atlas/internal/system/firewall.go:522.2,523.10 2 1
github.com/MrTeeett/atlas/internal/system/firewall.go:526.81,528.16 2 0
github.com/MrTeeett/atlas/internal/system/firewall.go:528.16,530.3 1 0
github.com/MrTeeett/atlas/internal/system/firewall.go:531.2,540.22 2 0
github.com/MrTeeett/atlas/internal/system/firewall.go:540.22,542.3 1 0
github.com/MrTeeett/atlas/internal/system/firewall.go:543.2,543.21 1 0
github.com/MrTeeett/atlas/internal/system/firewall.go:543.21,545.3 1 0
github.com/MrTeeett/atlas/internal/system/firewall.go:546.2,546.57 1 0
github.com/MrTeeett/atlas/internal/system/firewall.go:546.57,548.3 1 0
github.com/MrTeeett/atlas/internal/system/firewall.go:549.2,549.43 1 0
github.com/MrTeeett/atlas/internal/system/firewall.go:549.43,551.3 1 0
github.com/MrTeeett/atlas/internal/system/firewall.go:552.2,552.18 1 0
github.com/MrTeeett/atlas/internal/system/firewall.go:555.81,562.22 2 0
github.com/MrTeeett/atlas/internal/system/firewall.go:562.22,564.3 1 0
github.com/MrTeeett/atlas/internal/system/firewall.go:565.2,565.21 1 0
github.com/MrTeeett/atlas/internal/system/firewall.go:565.21,567.3 1 0
github.com/MrTeeett/atlas/internal/system/firewall.go:568.2,568.57 1 0
github.com/MrTeeett/atlas/internal/system/firewall.go:568.57,570.3 1 0
github.com/MrTeeett/atlas/internal/system/firewall.go:571.2,571.43 1 0
github.com/MrTeeett/atlas/internal/system/firewall.go:571.43,573.3 1 0
github.com/MrTeeett/atlas/internal/system/firewall.go:574.2,574.18 1 0
github.com/MrTeeett/atlas/internal/system/firewall.go:577.55,579.17 2 1
github.com/MrTeeett/atlas/internal/system/firewall.go:579.17,581.3 1 1
github.com/MrTeeett/atlas/internal/system/firewall.go:582.2,582.34 1 1
github.com/MrTeeett/atlas/internal/system/firewall.go:582.34,586.23 4 1
github.com/MrTeeett/atlas/internal/system/firewall.go:586.23,588.4 1 0
github.com/MrTeeett/atlas/internal/system/firewall.go:589.3,589.12 1 1
github.com/MrTeeett/atlas/internal/system/firewall.go:589.12,591.4 1 1
github.com/MrTeeett/atlas/internal/system/firewall.go:592.3,594.13 3 1
github.com/MrTeeett/atlas/internal/system/firewall.go:596.2,597.12 2 1
github.com/MrTeeett/atlas/internal/system/firewall.go:597.12,599.3 1 1
github.com/MrTeeett/atlas/internal/system/firewall.go:600.2,602.12 3 0
github.com/MrTeeett/atlas/internal/system/firewall.go:605.35,606.42 1 1
github.com/MrTeeett/atlas/internal/system/firewall.go:606.42,608.3 1 1
github.com/MrTeeett/atlas/internal/system/firewall.go:609.2,609.16 1 1
github.com/MrTeeett/atlas/internal/system/firewall.go:610.35,610.35 0 1
github.com/MrTeeett/atlas/internal/system/firewall.go:611.10,612.60 1 0
github.com/MrTeeett/atlas/internal/system/firewall.go:614.2,614.80 1 1
github.com/MrTeeett/atlas/internal/system/firewall.go:614.80,616.3 1 0
github.com/MrTeeett/atlas/internal/system/firewall.go:617.2,617.27 1 1
github.com/MrTeeett/atlas/internal/system/firewall.go:617.27,619.3 1 0
github.com/MrTeeett/atlas/internal/system/firewall.go:620.2,620.26 1 1
github.com/MrTeeett/atlas/internal/system/firewall.go:620.26,621.29 1 1
github.com/MrTeeett/atlas/internal/system/firewall.go:621.29,623.4 1 1
github.com/MrTeeett/atlas/internal/system/firewall.go:624.3,624.40 1 0
github.com/MrTeeett/atlas/internal/system/firewall.go:624.40,626.4 1 0
github.com/MrTeeett/atlas/internal/system/firewall.go:628.2,628.12 1 1
github.com/MrTeeett/atlas/internal/system/firewall.go:631.71,632.21 1 1
github.com/MrTeeett/atlas/internal/system/firewall.go:632.21,634.3 1 1
github.com/MrTeeett/atlas/internal/system/firewall.go:635.2,638.16 4 0
github.com/MrTeeett/atlas/internal/system/firewall.go:638.16,640.3 1 0
github.com/MrTeeett/atlas/internal/system/firewall.go:641.2,641.18 1 0
github.com/MrTeeett/atlas/internal/system/firewall.go:644.66,645.21 1 1
github.com/MrTeeett/atlas/internal/system/firewall.go:645.21,647.3 1 1
github.com/MrTeeett/atlas/internal/system/firewall.go:648.2,648.19 1 1
github.com/MrTeeett/atlas/internal/system/firewall.go:648.19,653.3 3 0
github.com/MrTeeett/atlas/internal/system/firewall.go:655.2,655.44 1 1
github.com/MrTeeett/atlas/internal/system/firewall.go:655.44,657.3 1 0
github.com/MrTeeett/atlas/internal/system/firewall.go:658.2,658.41 1 1
github.com/MrTeeett/atlas/internal/system/firewall.go:658.41,660.3 1 0
github.com/MrTeeett/atlas/internal/system/firewall.go:663.2,667.31 3 1
github.com/MrTeeett/atlas/internal/system/firewall.go:667.31,668.17 1 1
github.com/MrTeeett/atlas/internal/system/firewall.go:668.17,669.12 1 0
github.com/MrTeeett/atlas/internal/system/firewall.go:671.3,671.45 1 1
github.com/MrTeeett/atlas/internal/system/firewall.go:671.45,673.4 1 0
github.com/MrTeeett/atlas/internal/system/firewall.go:675.2,675.12 1 1
github.com/MrTeeett/atlas/internal/system/firewall.go:678.67,679.72 1 1
github.com/MrTeeett/atlas/internal/system/firewall.go:679.72,680.72 1 1
github.com/MrTeeett/atlas/internal/system/firewall.go:680.72,682.4 1 0
github.com/MrTeeett/atlas/internal/system/firewall.go:684.2,684.81 1 1
github.com/MrTeeett/atlas/internal/system/firewall.go:684.81,686.48 2 1
github.com/MrTeeett/atlas/internal/system/firewall.go:686.48,688.4 1 0
github.com/MrTeeett/atlas/internal/system/firewall.go:690.2,690.12 1 1
github.com/MrTeeett/atlas/internal/system/firewall.go:693.64,695.74 1 1
github.com/MrTeeett/atlas/internal/system/firewall.go:695.74,696.74 1 1
github.com/MrTeeett/atlas/internal/system/firewall.go:696.74,698.4 1 0
github.com/MrTeeett/atlas/internal/system/firewall.go:700.2,700.88 1 1
github.com/MrTeeett/atlas/internal/system/firewall.go:700.88,702.48 2 1
github.com/MrTeeett/atlas/internal/system/firewall.go:702.48,704.4 1 0
github.com/MrTeeett/atlas/internal/system/firewall.go:706.2,706.12 1 1
github.com/MrTeeett/atlas/internal/system/firewall.go:709.74,711.16 2 1
github.com/MrTeeett/atlas/internal/system/firewall.go:712.15,713.52 1 1
github.com/MrTeeett/atlas/internal/system/firewall.go:714.14,715.50 1 0
github.com/MrTeeett/atlas/internal/system/firewall.go:716.18,717.44 1 1
github.com/MrTeeett/atlas/internal/system/firewall.go:718.10,719.45 1 0
github.com/MrTeeett/atlas/internal/system/firewall.go:723.110,725.28 2 1
github.com/MrTeeett/atlas/internal/system/firewall.go:725.28,727.3 1 0
github.com/MrTeeett/atlas/internal/system/firewall.go:728.2,730.12 3 1
github.com/MrTeeett/atlas/internal/system/firewall.go:733.96,737.2 3 1
github.com/MrTeeett/atlas/internal/system/firewall.go:739.33,743.2 3 1
github.com/MrTeeett/atlas/internal/system/firewall.go:745.84,746.21 1 1
github.com/MrTeeett/atlas/internal/system/firewall.go:746.21,748.3 1 0
github.com/MrTeeett/atlas/internal/system/firewall.go:750.2,750.43 1 1
github.com/MrTeeett/atlas/internal/system/firewall.go:750.43,753.3 2 0
github.com/MrTeeett/atlas/internal/system/firewall.go:754.2,754.39 1 1
github.com/MrTeeett/atlas/internal/system/firewall.go:757.96,760.22 3 1
github.com/MrTeeett/atlas/internal/system/firewall.go:760.22,762.3 1 0
github.com/MrTeeett/atlas/internal/system/firewall.go:763.2,763.16 1 1
github.com/MrTeeett/atlas/internal/system/firewall.go:763.16,765.16 2 1
github.com/MrTeeett/atlas/internal/system/firewall.go:765.16,767.4 1 1
github.com/MrTeeett/atlas/internal/system/firewall.go:768.3,768.29 1 1
github.com/MrTeeett/atlas/internal/system/firewall.go:770.2,770.25 1 1
github.com/MrTeeett/atlas/internal/system/firewall.go:773.40,775.16 2 1
github.com/MrTeeett/atlas/internal/system/firewall.go:775.16,777.3 1 1
github.com/MrTeeett/atlas/internal/system/firewall.go:778.2,780.16 3 1
github.com/MrTeeett/atlas/internal/system/firewall.go:780.16,781.37 1 1
github.com/MrTeeett/atlas/internal/system/firewall.go:781.37,783.4 1 1
github.com/MrTeeett/atlas/internal/system/firewall.go:784.3,784.13 1 0
github.com/MrTeeett/atlas/internal/system/firewall.go:786.2,787.47 2 0
github.com/MrTeeett/atlas/internal/system/firewall.go:787.47,789.3 1 0
github.com/MrTeeett/atlas/internal/system/firewall.go:790.2,790.21 1 0
github.com/MrTeeett/atlas/internal/system/firewall.go:790.21,792.3 1 0
github.com/MrTeeett/atlas/internal/system/firewall.go:793.2,796.12 4 0
github.com/MrTeeett/atlas/internal/system/firewall.go:799.46,801.16 2 0
github.com/MrTeeett/atlas/internal/system/firewall.go:801.16,803.3 1 0
github.com/MrTeeett/atlas/internal/system/firewall.go:804.2,805.63 2 0
github.com/MrTeeett/atlas/internal/system/firewall.go:805.63,807.3 1 0
github.com/MrTeeett/atlas/internal/system/firewall.go:808.2,809.16 2 0
github.com/MrTeeett/atlas/internal/system/firewall.go:809.16,811.3 1 0
github.com/MrTeeett/atlas/internal/system/firewall.go:812.2,813.66 2 0
github.com/MrTeeett/atlas/internal/system/firewall.go:813.66,815.3 1 0
github.com/MrTeeett/atlas/internal/system/firewall.go:816.2,816.29 1 0
github.com/MrTeeett/atlas/internal/system/firewall.go:819.41,821.40 2 0
github.com/MrTeeett/atlas/internal/system/firewall.go:821.40,823.3 1 0
github.com/MrTeeett/atlas/internal/system/firewall.go:824.2,824.53 1 0
github.com/MrTeeett/atlas/internal/system/info.go:38.36,38.61 1 0
github.com/MrTeeett/atlas/internal/system/info.go:40.74,42.16 2 0
github.com/MrTeeett/atlas/internal/system/info.go:42.16,45.3 2 0
github.com/MrTeeett/atlas/internal/system/info.go:46.2,47.37 2 0
github.com/MrTeeett/atlas/internal/system/info.go:50.46,74.2 6 0
github.com/MrTeeett/atlas/internal/system/info.go:76.49,78.16 2 1
github.com/MrTeeett/atlas/internal/system/info.go:78.16,80.3 1 0
github.com/MrTeeett/atlas/internal/system/info.go:81.2,83.16 3 1
github.com/MrTeeett/atlas/internal/system/info.go:83.16,85.49 2 1
github.com/MrTeeett/atlas/internal/system/info.go:85.49,86.12 1 0
github.com/MrTeeett/atlas/internal/system/info.go:88.3,89.10 2 1
github.com/MrTeeett/atlas/internal/system/info.go:89.10,90.12 1 0
github.com/MrTeeett/atlas/internal/system/info.go:92.3,95.11 4 1
github.com/MrTeeett/atlas/internal/system/info.go:97.2,97.36 1 1
github.com/MrTeeett/atlas/internal/system/info.go:97.36,99.3 1 1
github.com/MrTeeett/atlas/internal/system/info.go:100.2,100.29 1 1
github.com/MrTeeett/atlas/internal/system/info.go:100.29,102.3 1 1
github.com/MrTeeett/atlas/internal/system/info.go:103.2,103.50 1 0
github.com/MrTeeett/atlas/internal/system/info.go:106.35,108.42 2 0
github.com/MrTeeett/atlas/internal/system/info.go:108.42,110.3 1 0
github.com/MrTeeett/atlas/internal/system/info.go:111.2,111.96 1 0
github.com/MrTeeett/atlas/internal/system/info.go:114.38,116.23 2 1
github.com/MrTeeett/atlas/internal/system/info.go:116.23,117.13 1 1
github.com/MrTeeett/atlas/internal/system/info.go:117.13,118.9 1 1
github.com/MrTeeett/atlas/internal/system/info.go:120.3,120.25 1 1
github.com/MrTeeett/atlas/internal/system/info.go:122.2,122.18 1 1
github.com/MrTeeett/atlas/internal/system/info.go:125.54,127.16 2 1
github.com/MrTeeett/atlas/internal/system/info.go:127.16,129.3 1 0
github.com/MrTeeett/atlas/internal/system/info.go:130.2,131.21 2 1
github.com/MrTeeett/atlas/internal/system/info.go:131.21,133.3 1 0
github.com/MrTeeett/atlas/internal/system/info.go:134.2,134.42 1 1
github.com/MrTeeett/atlas/internal/system/info.go:137.66,139.16 2 1
github.com/MrTeeett/atlas/internal/system/info.go:139.16,141.3 1 0
github.com/MrTeeett/atlas/internal/system/info.go:142.2,143.21 2 1
github.com/MrTeeett/atlas/internal/system/info.go:143.21,145.3 1 0
github.com/MrTeeett/atlas/internal/system/info.go:146.2,147.16 2 1
github.com/MrTeeett/atlas/internal/system/info.go:147.16,149.3 1 0
github.com/MrTeeett/atlas/internal/system/info.go:150.2,151.16 2 1
github.com/MrTeeett/atlas/internal/system/info.go:151.16,153.3 1 0
github.com/MrTeeett/atlas/internal/system/info.go:154.2,155.16 2 1
github.com/MrTeeett/atlas/internal/system/info.go:155.16,157.3 1 0
github.com/MrTeeett/atlas/internal/system/info.go:158.2,158.25 1 1
github.com/MrTeeett/atlas/internal/system/processes.go:42.42,44.2 1 1
github.com/MrTeeett/atlas/internal/system/processes.go:46.77,47.32 1 0
github.com/MrTeeett/atlas/internal/system/processes.go:47.32,50.3 2 0
github.com/MrTeeett/atlas/internal/system/processes.go:51.2,52.16 2 0
github.com/MrTeeett/atlas/internal/system/processes.go:52.16,55.3 2 0
github.com/MrTeeett/atlas/internal/system/processes.go:56.2,57.67 2 0
github.com/MrTeeett/atlas/internal/system/processes.go:66.79,67.33 1 1
github.com/MrTeeett/atlas/internal/system/processes.go:67.33,70.3 2 0
github.com/MrTeeett/atlas/internal/system/processes.go:71.2,72.61 2 1
github.com/MrTeeett/atlas/internal/system/processes.go:72.61,75.3 2 1
github.com/MrTeeett/atlas/internal/system/processes.go:76.2,77.17 2 1
github.com/MrTeeett/atlas/internal/system/processes.go:77.17,79.3 1 1
github.com/MrTeeett/atlas/internal/system/processes.go:80.2,80.31 1 1
github.com/MrTeeett/atlas/internal/system/processes.go:80.31,81.14 1 0
github.com/MrTeeett/atlas/internal/system/processes.go:81.14,83.4 1 0
github.com/MrTeeett/atlas/internal/system/processes.go:85.2,85.20 1 1
github.com/MrTeeett/atlas/internal/system/processes.go:85.20,88.3 2 1
github.com/MrTeeett/atlas/internal/system/processes.go:89.2,90.9 2 1
github.com/MrTeeett/atlas/internal/system/processes.go:90.9,93.3 2 1
github.com/MrTeeett/atlas/internal/system/processes.go:95.2,96.27 2 0
github.com/MrTeeett/atlas/internal/system/processes.go:96.27,97.16 1 0
github.com/MrTeeett/atlas/internal/system/processes.go:97.16,98.12 1 0
github.com/MrTeeett/atlas/internal/system/processes.go:100.3,101.48 2 0
github.com/MrTeeett/atlas/internal/system/processes.go:101.48,104.4 2 0
github.com/MrTeeett/atlas/internal/system/processes.go:106.2,106.37 1 0
github.com/MrTeeett/atlas/internal/system/processes.go:109.52,111.16 2 0
github.com/MrTeeett/atlas/internal/system/processes.go:111.16,113.3 1 0
github.com/MrTeeett/atlas/internal/system/processes.go:115.2,118.16 3 0
github.com/MrTeeett/atlas/internal/system/processes.go:118.16,120.3 1 0
github.com/MrTeeett/atlas/internal/system/processes.go:121.2,125.28 4 0
github.com/MrTeeett/atlas/internal/system/processes.go:125.28,126.17 1 0
github.com/MrTeeett/atlas/internal/system/processes.go:126.17,127.12 1 0
github.com/MrTeeett/atlas/internal/system/processes.go:129.3,130.17 2 0
github.com/MrTeeett/atlas/internal/system/processes.go:130.17,131.12 1 0
github.com/MrTeeett/atlas/internal/system/processes.go:133.3,134.17 2 0
github.com/MrTeeett/atlas/internal/system/processes.go:134.17,135.12 1 0
github.com/MrTeeett/atlas/internal/system/processes.go:137.3,137.56 1 0
github.com/MrTeeett/atlas/internal/system/processes.go:137.56,139.4 1 0
github.com/MrTeeett/atlas/internal/system/processes.go:140.3,140.23 1 0
github.com/MrTeeett/atlas/internal/system/processes.go:143.2,152.63 9 0
github.com/MrTeeett/atlas/internal/system/processes.go:152.63,154.22 2 0
github.com/MrTeeett/atlas/internal/system/processes.go:154.22,156.26 2 0
github.com/MrTeeett/atlas/internal/system/processes.go:156.26,158.5 1 0
github.com/MrTeeett/atlas/internal/system/processes.go:159.4,160.28 2 0
github.com/MrTeeett/atlas/internal/system/processes.go:160.28,162.5 1 0
github.com/MrTeeett/atlas/internal/system/processes.go:166.2,166.38 1 0
github.com/MrTeeett/atlas/internal/system/processes.go:166.38,167.41 1 0
github.com/MrTeeett/atlas/internal/system/processes.go:167.41,169.4 1 0
github.com/MrTeeett/atlas/internal/system/processes.go:170.3,170.43 1 0
github.com/MrTeeett/atlas/internal/system/processes.go:172.2,172.20 1 0
github.com/MrTeeett/atlas/internal/system/processes.go:172.20,174.3 1 0
github.com/MrTeeett/atlas/internal/system/processes.go:175.2,175.17 1 0
github.com/MrTeeett/atlas/internal/system/processes.go:178.70,181.16 3 0
github.com/MrTeeett/atlas/internal/system/processes.go:181.16,183.3 1 0
github.com/MrTeeett/atlas/internal/system/processes.go:185.2,188.19 4 0
github.com/MrTeeett/atlas/internal/system/processes.go:188.19,190.3 1 0
github.com/MrTeeett/atlas/internal/system/processes.go:192.2,200.8 2 0
github.com/MrTeeett/atlas/internal/system/processes.go:203.55,205.16 2 1
github.com/MrTeeett/atlas/internal/system/processes.go:205.16,207.3 1 0
github.com/MrTeeett/atlas/internal/system/processes.go:208.2,210.16 3 1
github.com/MrTeeett/atlas/internal/system/processes.go:210.16,212.38 2 1
github.com/MrTeeett/atlas/internal/system/processes.go:212.38,215.33 3 1
github.com/MrTeeett/atlas/internal/system/processes.go:215.33,217.19 2 1
github.com/MrTeeett/atlas/internal/system/processes.go:217.19,219.6 1 0
github.com/MrTeeett/atlas/internal/system/processes.go:220.5,220.15 1 1
github.com/MrTeeett/atlas/internal/system/processes.go:222.4,222.21 1 1
github.com/MrTeeett/atlas/internal/system/processes.go:225.2,225.33 1 0
github.com/MrTeeett/atlas/internal/system/processes.go:225.33,227.3 1 0
github.com/MrTeeett/atlas/internal/system/processes.go:228.2,228.56 1 0
github.com/MrTeeett/atlas/internal/system/processes.go:231.50,234.16 2 0
github.com/MrTeeett/atlas/internal/system/processes.go:234.16,236.3 1 0
github.com/MrTeeett/atlas/internal/system/processes.go:237.2,240.12 3 0
github.com/MrTeeett/atlas/internal/system/processes.go:240.12,242.3 1 0
github.com/MrTeeett/atlas/internal/system/processes.go:243.2,244.20 2 0
github.com/MrTeeett/atlas/internal/system/processes.go:244.20,246.3 1 0
github.com/MrTeeett/atlas/internal/system/processes.go:247.2,248.16 2 0
github.com/MrTeeett/atlas/internal/system/processes.go:248.16,250.3 1 0
[...]
github.com/MrTeeett/atlas/internal/app/admin_tls.go:148.2,149.54 2 1
github.com/MrTeeett/atlas/internal/app/admin_tls.go:149.54,151.3 1 0
github.com/MrTeeett/atlas/internal/app/admin_tls.go:152.2,152.29 1 1
github.com/MrTeeett/atlas/internal/app/admin_tls.go:155.41,157.13 2 1
github.com/MrTeeett/atlas/internal/app/admin_tls.go:157.13,159.3 1 0
github.com/MrTeeett/atlas/internal/app/admin_tls.go:160.2,160.23 1 1
github.com/MrTeeett/atlas/internal/app/admin_tls.go:160.23,162.3 1 0
github.com/MrTeeett/atlas/internal/app/admin_tls.go:163.2,163.30 1 1
github.com/MrTeeett/atlas/internal/app/admin_tls.go:166.45,170.16 4 1
github.com/MrTeeett/atlas/internal/app/admin_tls.go:170.16,172.3 1 0
github.com/MrTeeett/atlas/internal/app/admin_tls.go:173.2,173.90 1 1
github.com/MrTeeett/atlas/internal/app/admin_tls.go:173.90,175.3 1 0
github.com/MrTeeett/atlas/internal/app/admin_tls.go:176.2,176.55 1 1
github.com/MrTeeett/atlas/internal/app/admin_tls.go:176.55,179.3 1 0
github.com/MrTeeett/atlas/internal/app/admin_tls.go:180.2,180.12 1 1
github.com/MrTeeett/atlas/internal/app/admin_uninstall.go:26.79,27.33 1 0
github.com/MrTeeett/atlas/internal/app/admin_uninstall.go:27.33,30.3 2 0
github.com/MrTeeett/atlas/internal/app/admin_uninstall.go:31.2,31.31 1 0
github.com/MrTeeett/atlas/internal/app/admin_uninstall.go:31.31,34.3 2 0
github.com/MrTeeett/atlas/internal/app/admin_uninstall.go:36.2,37.84 2 0
github.com/MrTeeett/atlas/internal/app/admin_uninstall.go:37.84,40.3 2 0
github.com/MrTeeett/atlas/internal/app/admin_uninstall.go:41.2,41.48 1 0
github.com/MrTeeett/atlas/internal/app/admin_uninstall.go:41.48,44.3 2 0
github.com/MrTeeett/atlas/internal/app/admin_uninstall.go:46.2,50.19 4 0
github.com/MrTeeett/atlas/internal/app/admin_uninstall.go:50.19,53.3 2 0
github.com/MrTeeett/atlas/internal/app/admin_uninstall.go:54.2,64.36 8 0
github.com/MrTeeett/atlas/internal/app/admin_uninstall.go:64.36,67.3 2 0
github.com/MrTeeett/atlas/internal/app/admin_uninstall.go:70.2,70.92 1 0
github.com/MrTeeett/atlas/internal/app/admin_uninstall.go:73.77,78.48 3 0
github.com/MrTeeett/atlas/internal/app/admin_uninstall.go:78.48,80.3 1 0
github.com/MrTeeett/atlas/internal/app/admin_uninstall.go:82.2,82.47 1 0
github.com/MrTeeett/atlas/internal/app/admin_uninstall.go:82.47,84.14 2 0
github.com/MrTeeett/atlas/internal/app/admin_uninstall.go:84.14,85.17 1 0
github.com/MrTeeett/atlas/internal/app/admin_uninstall.go:85.17,87.5 1 0
github.com/MrTeeett/atlas/internal/app/admin_uninstall.go:88.4,88.37 1 0
github.com/MrTeeett/atlas/internal/app/admin_uninstall.go:90.3,90.24 1 0
github.com/MrTeeett/atlas/internal/app/admin_uninstall.go:90.24,92.4 1 0
github.com/MrTeeett/atlas/internal/app/admin_uninstall.go:93.3,93.50 1 0
github.com/MrTeeett/atlas/internal/app/admin_uninstall.go:96.2,104.40 7 0
github.com/MrTeeett/atlas/internal/app/admin_uninstall.go:104.40,105.14 1 0
github.com/MrTeeett/atlas/internal/app/admin_uninstall.go:105.14,106.12 1 0
github.com/MrTeeett/atlas/internal/app/admin_uninstall.go:108.3,109.89 2 0
github.com/MrTeeett/atlas/internal/app/admin_uninstall.go:109.89,111.4 1 0
github.com/MrTeeett/atlas/internal/app/admin_uninstall.go:114.2,115.19 2 0
github.com/MrTeeett/atlas/internal/app/admin_uninstall.go:115.19,117.3 1 0
github.com/MrTeeett/atlas/internal/app/admin_uninstall.go:118.2,120.27 3 0
github.com/MrTeeett/atlas/internal/app/admin_uninstall.go:123.42,126.23 3 0
github.com/MrTeeett/atlas/internal/app/admin_uninstall.go:126.23,128.14 2 0
github.com/MrTeeett/atlas/internal/app/admin_uninstall.go:128.14,129.12 1 0
github.com/MrTeeett/atlas/internal/app/admin_uninstall.go:131.3,132.27 2 0
github.com/MrTeeett/atlas/internal/app/admin_uninstall.go:132.27,133.12 1 0
github.com/MrTeeett/atlas/internal/app/admin_uninstall.go:135.3,136.23 2 0
github.com/MrTeeett/atlas/internal/app/admin_uninstall.go:138.2,138.12 1 0
github.com/MrTeeett/atlas/internal/app/admin_uninstall.go:141.94,159.26 14 0
github.com/MrTeeett/atlas/internal/app/admin_uninstall.go:159.26,161.14 2 0
github.com/MrTeeett/atlas/internal/app/admin_uninstall.go:161.14,162.12 1 0
github.com/MrTeeett/atlas/internal/app/admin_uninstall.go:164.3,164.76 1 0
github.com/MrTeeett/atlas/internal/app/admin_uninstall.go:168.2,172.19 3 0
github.com/MrTeeett/atlas/internal/app/admin_uninstall.go:175.34,177.13 1 0
github.com/MrTeeett/atlas/internal/app/admin_uninstall.go:177.13,179.3 1 0
github.com/MrTeeett/atlas/internal/app/admin_uninstall.go:180.2,180.58 1 0
github.com/MrTeeett/atlas/internal/app/admin_update.go:55.76,56.28 1 0
github.com/MrTeeett/atlas/internal/app/admin_update.go:56.28,59.3 2 0
github.com/MrTeeett/atlas/internal/app/admin_update.go:60.2,61.16 2 0
github.com/MrTeeett/atlas/internal/app/admin_update.go:61.16,64.3 2 0
github.com/MrTeeett/atlas/internal/app/admin_update.go:65.2,73.32 7 0
github.com/MrTeeett/atlas/internal/app/admin_update.go:73.32,86.3 2 0
github.com/MrTeeett/atlas/internal/app/admin_update.go:87.2,87.33 1 0
github.com/MrTeeett/atlas/internal/app/admin_update.go:87.33,90.3 2 0
github.com/MrTeeett/atlas/internal/app/admin_update.go:91.2,91.31 1 0
github.com/MrTeeett/atlas/internal/app/admin_update.go:91.31,94.3 2 0
github.com/MrTeeett/atlas/internal/app/admin_update.go:96.2,99.17 4 0
github.com/MrTeeett/atlas/internal/app/admin_update.go:99.17,101.3 1 0
github.com/MrTeeett/atlas/internal/app/admin_update.go:102.2,103.47 2 0
github.com/MrTeeett/atlas/internal/app/admin_update.go:103.47,106.3 2 0
github.com/MrTeeett/atlas/internal/app/admin_update.go:108.2,109.25 2 0
github.com/MrTeeett/atlas/internal/app/admin_update.go:109.25,113.3 3 0
github.com/MrTeeett/atlas/internal/app/admin_update.go:114.2,119.12 5 0
github.com/MrTeeett/atlas/internal/app/admin_update.go:119.12,121.16 2 0
github.com/MrTeeett/atlas/internal/app/admin_update.go:121.16,125.4 3 0
github.com/MrTeeett/atlas/internal/app/admin_update.go:127.3,128.17 2 0
github.com/MrTeeett/atlas/internal/app/admin_update.go:128.17,131.4 2 0
github.com/MrTeeett/atlas/internal/app/admin_update.go:132.3,137.55 5 0
github.com/MrTeeett/atlas/internal/app/admin_update.go:137.55,141.4 3 0
github.com/MrTeeett/atlas/internal/app/admin_update.go:142.3,143.45 2 0
github.com/MrTeeett/atlas/internal/app/admin_update.go:146.2,146.94 1 0
github.com/MrTeeett/atlas/internal/app/admin_update.go:149.49,151.11 2 0
github.com/MrTeeett/atlas/internal/app/admin_update.go:152.18,156.66 3 0
github.com/MrTeeett/atlas/internal/app/admin_update.go:156.66,158.4 1 0
github.com/MrTeeett/atlas/internal/app/admin_update.go:159.3,159.18 1 0
github.com/MrTeeett/atlas/internal/app/admin_update.go:160.27,161.18 1 0
github.com/MrTeeett/atlas/internal/app/admin_update.go:162.24,163.15 1 0
github.com/MrTeeett/atlas/internal/app/admin_update.go:164.10,166.11 1 0
github.com/MrTeeett/atlas/internal/app/admin_update.go:170.82,171.22 1 0
github.com/MrTeeett/atlas/internal/app/admin_update.go:171.22,173.3 1 0
github.com/MrTeeett/atlas/internal/app/admin_update.go:174.2,175.16 2 0
github.com/MrTeeett/atlas/internal/app/admin_update.go:175.16,177.3 1 0
github.com/MrTeeett/atlas/internal/app/admin_update.go:178.2,178.17 1 0
github.com/MrTeeett/atlas/internal/app/admin_update.go:181.72,183.24 2 0
github.com/MrTeeett/atlas/internal/app/admin_update.go:183.24,185.3 1 0
github.com/MrTeeett/atlas/internal/app/admin_update.go:186.2,188.16 3 0
github.com/MrTeeett/atlas/internal/app/admin_update.go:188.16,190.3 1 0
github.com/MrTeeett/atlas/internal/app/admin_update.go:191.2,193.16 3 0
github.com/MrTeeett/atlas/internal/app/admin_update.go:193.16,195.3 1 0
github.com/MrTeeett/atlas/internal/app/admin_update.go:196.2,197.53 2 0
github.com/MrTeeett/atlas/internal/app/admin_update.go:197.53,200.3 2 0
github.com/MrTeeett/atlas/internal/app/admin_update.go:201.2,204.87 2 0
github.com/MrTeeett/atlas/internal/app/admin_update.go:204.87,206.3 1 0
github.com/MrTeeett/atlas/internal/app/admin_update.go:207.2,208.15 2 0
github.com/MrTeeett/atlas/internal/app/admin_update.go:208.15,210.3 1 0
github.com/MrTeeett/atlas/internal/app/admin_update.go:211.2,211.17 1 0
github.com/MrTeeett/atlas/internal/app/admin_update.go:214.36,215.16 1 0
github.com/MrTeeett/atlas/internal/app/admin_update.go:215.16,217.3 1 0
github.com/MrTeeett/atlas/internal/app/admin_update.go:218.2,218.35 1 0
github.com/MrTeeett/atlas/internal/app/admin_update.go:218.35,220.3 1 0
github.com/MrTeeett/atlas/internal/app/admin_update.go:221.2,221.25 1 0
github.com/MrTeeett/atlas/internal/app/admin_update.go:221.25,222.129 1 0
github.com/MrTeeett/atlas/internal/app/admin_update.go:222.129,223.12 1 0
github.com/MrTeeett/atlas/internal/app/admin_update.go:225.3,225.15 1 0
github.com/MrTeeett/atlas/internal/app/admin_update.go:227.2,227.13 1 0
github.com/MrTeeett/atlas/internal/app/admin_update.go:230.75,232.40 2 0
github.com/MrTeeett/atlas/internal/app/admin_update.go:232.40,234.3 1 0
github.com/MrTeeett/atlas/internal/app/admin_update.go:235.2,241.16 6 0
github.com/MrTeeett/atlas/internal/app/admin_update.go:241.16,243.3 1 0
github.com/MrTeeett/atlas/internal/app/admin_update.go:244.2,244.15 1 0
github.com/MrTeeett/atlas/internal/app/admin_update.go:244.15,244.43 1 0
github.com/MrTeeett/atlas/internal/app/admin_update.go:246.2,247.63 2 0
github.com/MrTeeett/atlas/internal/app/admin_update.go:247.63,249.3 1 0
github.com/MrTeeett/atlas/internal/app/admin_update.go:250.2,251.16 2 0
github.com/MrTeeett/atlas/internal/app/admin_update.go:251.16,253.3 1 0
github.com/MrTeeett/atlas/internal/app/admin_update.go:255.2,257.16 3 0
github.com/MrTeeett/atlas/internal/app/admin_update.go:257.16,259.3 1 0
github.com/MrTeeett/atlas/internal/app/admin_update.go:260.2,260.35 1 0
github.com/MrTeeett/atlas/internal/app/admin_update.go:260.35,262.3 1 0
github.com/MrTeeett/atlas/internal/app/admin_update.go:264.2,265.70 2 0
github.com/MrTeeett/atlas/internal/app/admin_update.go:265.70,267.3 1 0
github.com/MrTeeett/atlas/internal/app/admin_update.go:269.2,270.16 2 0
github.com/MrTeeett/atlas/internal/app/admin_update.go:270.16,272.3 1 0
github.com/MrTeeett/atlas/internal/app/admin_update.go:273.2,274.90 2 0
github.com/MrTeeett/atlas/internal/app/admin_update.go:274.90,276.3 1 0
github.com/MrTeeett/atlas/internal/app/admin_update.go:277.2,277.34 1 0
github.com/MrTeeett/atlas/internal/app/admin_update.go:277.34,279.3 1 0
github.com/MrTeeett/atlas/internal/app/admin_update.go:281.2,283.78 3 0
github.com/MrTeeett/atlas/internal/app/admin_update.go:283.78,285.3 1 0
github.com/MrTeeett/atlas/internal/app/admin_update.go:286.2,286.12 1 0
github.com/MrTeeett/atlas/internal/app/admin_update.go:289.60,291.16 2 0
github.com/MrTeeett/atlas/internal/app/admin_update.go:291.16,293.3 1 0
github.com/MrTeeett/atlas/internal/app/admin_update.go:294.2,294.42 1 0
github.com/MrTeeett/atlas/internal/app/admin_update.go:294.42,296.3 1 0
github.com/MrTeeett/atlas/internal/app/admin_update.go:298.2,300.12 3 0
github.com/MrTeeett/atlas/internal/app/admin_update.go:303.30,307.2 3 0
github.com/MrTeeett/atlas/internal/app/admin_update.go:309.69,311.16 2 0
github.com/MrTeeett/atlas/internal/app/admin_update.go:311.16,313.3 1 0
github.com/MrTeeett/atlas/internal/app/admin_update.go:314.2,316.16 3 0
github.com/MrTeeett/atlas/internal/app/admin_update.go:316.16,318.3 1 0
github.com/MrTeeett/atlas/internal/app/admin_update.go:319.2,320.53 2 0
github.com/MrTeeett/atlas/internal/app/admin_update.go:320.53,323.3 2 0
github.com/MrTeeett/atlas/internal/app/admin_update.go:324.2,325.16 2 0
github.com/MrTeeett/atlas/internal/app/admin_update.go:325.16,327.3 1 0
github.com/MrTeeett/atlas/internal/app/admin_update.go:328.2,328.15 1 0
github.com/MrTeeett/atlas/internal/app/admin_update.go:328.15,328.32 1 0
github.com/MrTeeett/atlas/internal/app/admin_update.go:329.2,330.12 2 0
github.com/MrTeeett/atlas/internal/app/admin_update.go:333.83,335.16 2 0
github.com/MrTeeett/atlas/internal/app/admin_update.go:335.16,337.3 1 0
github.com/MrTeeett/atlas/internal/app/admin_update.go:338.2,340.16 3 0
github.com/MrTeeett/atlas/internal/app/admin_update.go:340.16,342.3 1 0
github.com/MrTeeett/atlas/internal/app/admin_update.go:343.2,344.53 2 0
github.com/MrTeeett/atlas/internal/app/admin_update.go:344.53,347.3 2 0
github.com/MrTeeett/atlas/internal/app/admin_update.go:348.2,349.16 2 0
github.com/MrTeeett/atlas/internal/app/admin_update.go:349.16,351.3 1 0
github.com/MrTeeett/atlas/internal/app/admin_update.go:352.2,352.15 1 0
github.com/MrTeeett/atlas/internal/app/admin_update.go:352.15,352.32 1 0
github.com/MrTeeett/atlas/internal/app/admin_update.go:354.2,356.16 3 0
github.com/MrTeeett/atlas/internal/app/admin_update.go:356.16,358.3 1 0
github.com/MrTeeett/atlas/internal/app/admin_update.go:359.2,359.44 1 0
github.com/MrTeeett/atlas/internal/app/admin_update.go:362.65,364.16 2 0
github.com/MrTeeett/atlas/internal/app/admin_update.go:364.16,366.3 1 0
github.com/MrTeeett/atlas/internal/app/admin_update.go:367.2,367.54 1 0
github.com/MrTeeett/atlas/internal/app/admin_update.go:367.54,369.17 2 0
github.com/MrTeeett/atlas/internal/app/admin_update.go:369.17,370.12 1 0
github.com/MrTeeett/atlas/internal/app/admin_update.go:373.3,374.22 2 0
github.com/MrTeeett/atlas/internal/app/admin_update.go:374.22,375.12 1 0
github.com/MrTeeett/atlas/internal/app/admin_update.go:377.3,377.40 1 0
github.com/MrTeeett/atlas/internal/app/admin_update.go:377.40,379.22 2 0
github.com/MrTeeett/atlas/internal/app/admin_update.go:379.22,381.5 1 0
github.com/MrTeeett/atlas/internal/app/admin_update.go:382.4,382.19 1 0
github.com/MrTeeett/atlas/internal/app/admin_update.go:385.2,385.55 1 0
github.com/MrTeeett/atlas/internal/app/admin_update.go:388.82,390.16 2 0
github.com/MrTeeett/atlas/internal/app/admin_update.go:390.16,392.3 1 0
github.com/MrTeeett/atlas/internal/app/admin_update.go:393.2,396.16 3 0
github.com/MrTeeett/atlas/internal/app/admin_update.go:396.16,398.3 1 0
github.com/MrTeeett/atlas/internal/app/admin_update.go:399.2,404.16 5 0
github.com/MrTeeett/atlas/internal/app/admin_update.go:404.16,406.3 1 0
github.com/MrTeeett/atlas/internal/app/admin_update.go:407.2,407.15 1 0
github.com/MrTeeett/atlas/internal/app/admin_update.go:407.15,407.34 1 0
github.com/MrTeeett/atlas/internal/app/admin_update.go:409.2,410.6 2 0
github.com/MrTeeett/atlas/internal/app/admin_update.go:410.6,412.20 2 0
github.com/MrTeeett/atlas/internal/app/admin_update.go:412.20,413.9 1 0
github.com/MrTeeett/atlas/internal/app/admin_update.go:415.3,415.17 1 0
github.com/MrTeeett/atlas/internal/app/admin_update.go:415.17,417.4 1 0
github.com/MrTeeett/atlas/internal/app/admin_update.go:418.3,418.15 1 0
github.com/MrTeeett/atlas/internal/app/admin_update.go:418.15,419.12 1 0
github.com/MrTeeett/atlas/internal/app/admin_update.go:421.3,421.32 1 0
github.com/MrTeeett/atlas/internal/app/admin_update.go:421.32,422.12 1 0
github.com/MrTeeett/atlas/internal/app/admin_update.go:424.3,424.40 1 0
github.com/MrTeeett/atlas/internal/app/admin_update.go:424.40,425.12 1 0
github.com/MrTeeett/atlas/internal/app/admin_update.go:427.3,427.45 1 0
github.com/MrTeeett/atlas/internal/app/admin_update.go:427.45,429.4 1 0
github.com/MrTeeett/atlas/internal/app/admin_update.go:430.3,431.8 2 0
github.com/MrTeeett/atlas/internal/app/admin_update.go:433.2,433.12 1 0
github.com/MrTeeett/atlas/internal/app/admin_update.go:433.12,435.3 1 0
github.com/MrTeeett/atlas/internal/app/admin_update.go:436.2,436.36 1 0
github.com/MrTeeett/atlas/internal/app/admin_update.go:436.36,438.3 1 0
github.com/MrTeeett/atlas/internal/app/admin_update.go:439.2,439.32 1 0
github.com/MrTeeett/atlas/internal/app/app.go:52.39,53.26 1 1
github.com/MrTeeett/atlas/internal/app/app.go:53.26,55.3 1 0
github.com/MrTeeett/atlas/internal/app/app.go:56.2,56.23 1 1
github.com/MrTeeett/atlas/internal/app/app.go:56.23,58.3 1 0
github.com/MrTeeett/atlas/internal/app/app.go:60.2,79.8 1 1
github.com/MrTeeett/atlas/internal/app/app.go:82.41,91.85 6 1
github.com/MrTeeett/atlas/internal/app/app.go:91.85,92.24 1 1
github.com/MrTeeett/atlas/internal/app/app.go:92.24,95.4 2 0
github.com/MrTeeett/atlas/internal/app/app.go:96.3,96.62 1 1
github.com/MrTeeett/atlas/internal/app/app.go:99.2,139.73 38 1
github.com/MrTeeett/atlas/internal/app/app.go:139.73,141.50 1 1
github.com/MrTeeett/atlas/internal/app/app.go:141.50,144.4 2 0
github.com/MrTeeett/atlas/internal/app/app.go:145.3,145.26 1 1
github.com/MrTeeett/atlas/internal/app/app.go:148.2,149.39 2 1
github.com/MrTeeett/atlas/internal/app/app.go:149.39,151.3 1 0
github.com/MrTeeett/atlas/internal/app/app.go:152.2,152.39 1 1
github.com/MrTeeett/atlas/internal/app/app.go:152.39,154.3 1 0
github.com/MrTeeett/atlas/internal/app/app.go:155.2,159.71 3 1
github.com/MrTeeett/atlas/internal/app/app.go:159.71,160.77 1 1
github.com/MrTeeett/atlas/internal/app/app.go:160.77,163.4 2 1
github.com/MrTeeett/atlas/internal/app/app.go:164.3,164.29 1 1
github.com/MrTeeett/atlas/internal/app/app.go:164.29,167.4 2 1
github.com/MrTeeett/atlas/internal/app/app.go:168.3,168.24 1 1
github.com/MrTeeett/atlas/internal/app/app.go:172.62,173.71 1 1
github.com/MrTeeett/atlas/internal/app/app.go:173.71,175.24 2 1
github.com/MrTeeett/atlas/internal/app/app.go:175.24,178.4 2 0
github.com/MrTeeett/atlas/internal/app/app.go:179.3,179.23 1 1
github.com/MrTeeett/atlas/internal/app/app.go:183.60,184.71 1 1
github.com/MrTeeett/atlas/internal/app/app.go:184.71,186.22 2 0
github.com/MrTeeett/atlas/internal/app/app.go:186.22,189.4 2 0
github.com/MrTeeett/atlas/internal/app/app.go:190.3,190.23 1 0
github.com/MrTeeett/atlas/internal/app/app.go:194.63,195.71 1 1
github.com/MrTeeett/atlas/internal/app/app.go:195.71,197.67 2 1
github.com/MrTeeett/atlas/internal/app/app.go:197.67,200.4 2 0
github.com/MrTeeett/atlas/internal/app/app.go:201.3,201.23 1 1
github.com/MrTeeett/atlas/internal/app/app.go:205.63,206.71 1 1
github.com/MrTeeett/atlas/internal/app/app.go:206.71,208.25 2 0
github.com/MrTeeett/atlas/internal/app/app.go:208.25,211.4 2 0
github.com/MrTeeett/atlas/internal/app/app.go:212.3,212.23 1 0
github.com/MrTeeett/atlas/internal/app/app.go:216.62,217.71 1 1
github.com/MrTeeett/atlas/internal/app/app.go:217.71,218.64 1 1
github.com/MrTeeett/atlas/internal/app/app.go:218.64,221.4 2 1
github.com/MrTeeett/atlas/internal/app/app.go:222.3,223.50 2 1
github.com/MrTeeett/atlas/internal/app/app.go:223.50,226.4 2 1
github.com/MrTeeett/atlas/internal/app/app.go:227.3,227.23 1 1
github.com/MrTeeett/atlas/internal/app/app.go:231.65,232.71 1 1
github.com/MrTeeett/atlas/internal/app/app.go:232.71,233.33 1 1
github.com/MrTeeett/atlas/internal/app/app.go:233.33,236.4 2 0
github.com/MrTeeett/atlas/internal/app/app.go:237.3,237.45 1 1
github.com/MrTeeett/atlas/internal/app/app.go:237.45,239.4 1 1
github.com/MrTeeett/atlas/internal/app/app.go:240.3,241.23 2 1
github.com/MrTeeett/atlas/internal/app/app.go:245.74,246.54 1 1
github.com/MrTeeett/atlas/internal/app/app.go:246.54,247.91 1 1
github.com/MrTeeett/atlas/internal/app/app.go:247.91,250.4 2 0
github.com/MrTeeett/atlas/internal/app/app.go:251.3,251.33 1 1
github.com/MrTeeett/atlas/internal/app/app.go:251.33,254.4 2 1
github.com/MrTeeett/atlas/internal/app/app.go:255.3,255.13 1 1
github.com/MrTeeett/atlas/internal/app/app.go:259.40,260.13 1 1
github.com/MrTeeett/atlas/internal/app/app.go:260.13,262.3 1 0
github.com/MrTeeett/atlas/internal/app/app.go:263.2,263.32 1 1
github.com/MrTeeett/atlas/internal/app/app.go:263.32,265.3 1 0
github.com/MrTeeett/atlas/internal/app/app.go:266.2,267.39 2 1
github.com/MrTeeett/atlas/internal/app/app.go:267.39,269.3 1 0
github.com/MrTeeett/atlas/internal/app/app.go:270.2,270.39 1 1
github.com/MrTeeett/atlas/internal/app/app.go:270.39,272.3 1 0
github.com/MrTeeett/atlas/internal/app/app.go:273.2,274.14 2 1
github.com/MrTeeett/atlas/internal/app/app.go:274.14,276.3 1 0
github.com/MrTeeett/atlas/internal/app/app.go:277.2,277.21 1 1
github.com/MrTeeett/atlas/internal/app/app.go:280.48,282.16 2 1
github.com/MrTeeett/atlas/internal/app/app.go:282.16,283.13 1 0
github.com/MrTeeett/atlas/internal/app/app.go:285.2,285.12 1 1
